[2025-02-20 20:38:42] local.ERROR: SQLSTATE[HY000] [1045] Access denied for user 'root'@'localhost' (using password: NO) (SQL: insert into `telescope_entries` (`batch_id`, `content`, `created_at`, `family_hash`, `type`, `uuid`) values (9e42bcc7-2eb5-4e74-acdb-ffa3e91205c7, {"ip_address":"127.0.0.1","uri":"\/api\/companies?perPage=9999&withoutTrashed=true","method":"OPTIONS","controller_action":null,"middleware":[],"headers":{"host":"localhost:8000","connection":"keep-alive","accept":"*\/*","access-control-request-method":"GET","access-control-request-headers":"access-control-allow-origin,x-requested-with","origin":"http:\/\/localhost:3000","user-agent":"Mozilla\/5.0 (X11; Linux x86_64) AppleWebKit\/537.36 (KHTML, like Gecko) Chrome\/133.0.0.0 Safari\/537.36","sec-fetch-mode":"cors","sec-fetch-site":"same-site","sec-fetch-dest":"empty","referer":"http:\/\/localhost:3000\/","accept-encoding":"gzip, deflate, br, zstd","accept-language":"pt-BR,pt;q=0.9,en;q=0.8"},"payload":{"perPage":"9999","withoutTrashed":"true"},"session":[],"response_status":204,"response":"Empty Response","duration":24,"memory":4,"hostname":"pc-do-victor"}, 2025-02-20 20:38:42, ?, request, 9e42bcc7-2e39-4552-8b2f-e0cc4b99e7af)) {"exception":"[object] (Illuminate\\Database\\QueryException(code: 1045): SQLSTATE[HY000] [1045] Access denied for user 'root'@'localhost' (using password: NO) (SQL: insert into `telescope_entries` (`batch_id`, `content`, `created_at`, `family_hash`, `type`, `uuid`) values (9e42bcc7-2eb5-4e74-acdb-ffa3e91205c7, {\"ip_address\":\"127.0.0.1\",\"uri\":\"\\/api\\/companies?perPage=9999&withoutTrashed=true\",\"method\":\"OPTIONS\",\"controller_action\":null,\"middleware\":[],\"headers\":{\"host\":\"localhost:8000\",\"connection\":\"keep-alive\",\"accept\":\"*\\/*\",\"access-control-request-method\":\"GET\",\"access-control-request-headers\":\"access-control-allow-origin,x-requested-with\",\"origin\":\"http:\\/\\/localhost:3000\",\"user-agent\":\"Mozilla\\/5.0 (X11; Linux x86_64) AppleWebKit\\/537.36 (KHTML, like Gecko) Chrome\\/133.0.0.0 Safari\\/537.36\",\"sec-fetch-mode\":\"cors\",\"sec-fetch-site\":\"same-site\",\"sec-fetch-dest\":\"empty\",\"referer\":\"http:\\/\\/localhost:3000\\/\",\"accept-encoding\":\"gzip, deflate, br, zstd\",\"accept-language\":\"pt-BR,pt;q=0.9,en;q=0.8\"},\"payload\":{\"perPage\":\"9999\",\"withoutTrashed\":\"true\"},\"session\":[],\"response_status\":204,\"response\":\"Empty Response\",\"duration\":24,\"memory\":4,\"hostname\":\"pc-do-victor\"}, 2025-02-20 20:38:42, ?, request, 9e42bcc7-2e39-4552-8b2f-e0cc4b99e7af)) at /home/victor/trabalho/nipee/backend/vendor/laravel/framework/src/Illuminate/Database/Connection.php:760)
[stacktrace]
#0 /home/victor/trabalho/nipee/backend/vendor/laravel/framework/src/Illuminate/Database/Connection.php(720): Illuminate\\Database\\Connection->runQueryCallback()
#1 /home/victor/trabalho/nipee/backend/vendor/laravel/framework/src/Illuminate/Database/Connection.php(534): Illuminate\\Database\\Connection->run()
#2 /home/victor/trabalho/nipee/backend/vendor/laravel/framework/src/Illuminate/Database/Connection.php(498): Illuminate\\Database\\Connection->statement()
#3 /home/victor/trabalho/nipee/backend/vendor/laravel/framework/src/Illuminate/Database/Query/Builder.php(3272): Illuminate\\Database\\Connection->insert()
#4 /home/victor/trabalho/nipee/backend/vendor/laravel/telescope/src/Storage/DatabaseEntriesRepository.php(145): Illuminate\\Database\\Query\\Builder->insert()
#5 /home/victor/trabalho/nipee/backend/vendor/laravel/framework/src/Illuminate/Collections/Traits/EnumeratesValues.php(235): Laravel\\Telescope\\Storage\\DatabaseEntriesRepository->Laravel\\Telescope\\Storage\\{closure}()
#6 /home/victor/trabalho/nipee/backend/vendor/laravel/telescope/src/Storage/DatabaseEntriesRepository.php(144): Illuminate\\Support\\Collection->each()
#7 /home/victor/trabalho/nipee/backend/vendor/laravel/telescope/src/Telescope.php(668): Laravel\\Telescope\\Storage\\DatabaseEntriesRepository->store()
#8 [internal function]: Laravel\\Telescope\\Telescope::Laravel\\Telescope\\{closure}()
#9 /home/victor/trabalho/nipee/backend/vendor/laravel/telescope/src/Telescope.php(293): call_user_func()
#10 /home/victor/trabalho/nipee/backend/vendor/laravel/telescope/src/Telescope.php(660): Laravel\\Telescope\\Telescope::withoutRecording()
#11 /home/victor/trabalho/nipee/backend/vendor/laravel/telescope/src/ListensForStorageOpportunities.php(65): Laravel\\Telescope\\Telescope::store()
#12 /home/victor/trabalho/nipee/backend/vendor/laravel/framework/src/Illuminate/Container/BoundMethod.php(36): Laravel\\Telescope\\Telescope::Laravel\\Telescope\\{closure}()
#13 /home/victor/trabalho/nipee/backend/vendor/laravel/framework/src/Illuminate/Container/Util.php(41): Illuminate\\Container\\BoundMethod::Illuminate\\Container\\{closure}()
#14 /home/victor/trabalho/nipee/backend/vendor/laravel/framework/src/Illuminate/Container/BoundMethod.php(81): Illuminate\\Container\\Util::unwrapIfClosure()
#15 /home/victor/trabalho/nipee/backend/vendor/laravel/framework/src/Illuminate/Container/BoundMethod.php(35): Illuminate\\Container\\BoundMethod::callBoundMethod()
#16 /home/victor/trabalho/nipee/backend/vendor/laravel/framework/src/Illuminate/Container/Container.php(661): Illuminate\\Container\\BoundMethod::call()
#17 /home/victor/trabalho/nipee/backend/vendor/laravel/framework/src/Illuminate/Foundation/Application.php(1198): Illuminate\\Container\\Container->call()
#18 /home/victor/trabalho/nipee/backend/vendor/laravel/framework/src/Illuminate/Foundation/Http/Kernel.php(205): Illuminate\\Foundation\\Application->terminate()
#19 /home/victor/trabalho/nipee/backend/public/index.php(55): Illuminate\\Foundation\\Http\\Kernel->terminate()
#20 /home/victor/trabalho/nipee/backend/server.php(21): require_once('...')
#21 {main}

[previous exception] [object] (PDOException(code: 1045): SQLSTATE[HY000] [1045] Access denied for user 'root'@'localhost' (using password: NO) at /home/victor/trabalho/nipee/backend/vendor/laravel/framework/src/Illuminate/Database/Connectors/Connector.php:70)
[stacktrace]
#0 /home/victor/trabalho/nipee/backend/vendor/laravel/framework/src/Illuminate/Database/Connectors/Connector.php(70): PDO->__construct()
#1 /home/victor/trabalho/nipee/backend/vendor/laravel/framework/src/Illuminate/Database/Connectors/Connector.php(45): Illuminate\\Database\\Connectors\\Connector->createPdoConnection()
#2 /home/victor/trabalho/nipee/backend/vendor/laravel/framework/src/Illuminate/Database/Connectors/MySqlConnector.php(24): Illuminate\\Database\\Connectors\\Connector->createConnection()
#3 /home/victor/trabalho/nipee/backend/vendor/laravel/framework/src/Illuminate/Database/Connectors/ConnectionFactory.php(184): Illuminate\\Database\\Connectors\\MySqlConnector->connect()
#4 [internal function]: Illuminate\\Database\\Connectors\\ConnectionFactory->Illuminate\\Database\\Connectors\\{closure}()
#5 /home/victor/trabalho/nipee/backend/vendor/laravel/framework/src/Illuminate/Database/Connection.php(1181): call_user_func()
#6 /home/victor/trabalho/nipee/backend/vendor/laravel/framework/src/Illuminate/Database/Connection.php(539): Illuminate\\Database\\Connection->getPdo()
#7 /home/victor/trabalho/nipee/backend/vendor/laravel/framework/src/Illuminate/Database/Connection.php(753): Illuminate\\Database\\Connection->Illuminate\\Database\\{closure}()
#8 /home/victor/trabalho/nipee/backend/vendor/laravel/framework/src/Illuminate/Database/Connection.php(720): Illuminate\\Database\\Connection->runQueryCallback()
#9 /home/victor/trabalho/nipee/backend/vendor/laravel/framework/src/Illuminate/Database/Connection.php(534): Illuminate\\Database\\Connection->run()
#10 /home/victor/trabalho/nipee/backend/vendor/laravel/framework/src/Illuminate/Database/Connection.php(498): Illuminate\\Database\\Connection->statement()
#11 /home/victor/trabalho/nipee/backend/vendor/laravel/framework/src/Illuminate/Database/Query/Builder.php(3272): Illuminate\\Database\\Connection->insert()
#12 /home/victor/trabalho/nipee/backend/vendor/laravel/telescope/src/Storage/DatabaseEntriesRepository.php(145): Illuminate\\Database\\Query\\Builder->insert()
#13 /home/victor/trabalho/nipee/backend/vendor/laravel/framework/src/Illuminate/Collections/Traits/EnumeratesValues.php(235): Laravel\\Telescope\\Storage\\DatabaseEntriesRepository->Laravel\\Telescope\\Storage\\{closure}()
#14 /home/victor/trabalho/nipee/backend/vendor/laravel/telescope/src/Storage/DatabaseEntriesRepository.php(144): Illuminate\\Support\\Collection->each()
#15 /home/victor/trabalho/nipee/backend/vendor/laravel/telescope/src/Telescope.php(668): Laravel\\Telescope\\Storage\\DatabaseEntriesRepository->store()
#16 [internal function]: Laravel\\Telescope\\Telescope::Laravel\\Telescope\\{closure}()
#17 /home/victor/trabalho/nipee/backend/vendor/laravel/telescope/src/Telescope.php(293): call_user_func()
#18 /home/victor/trabalho/nipee/backend/vendor/laravel/telescope/src/Telescope.php(660): Laravel\\Telescope\\Telescope::withoutRecording()
#19 /home/victor/trabalho/nipee/backend/vendor/laravel/telescope/src/ListensForStorageOpportunities.php(65): Laravel\\Telescope\\Telescope::store()
#20 /home/victor/trabalho/nipee/backend/vendor/laravel/framework/src/Illuminate/Container/BoundMethod.php(36): Laravel\\Telescope\\Telescope::Laravel\\Telescope\\{closure}()
#21 /home/victor/trabalho/nipee/backend/vendor/laravel/framework/src/Illuminate/Container/Util.php(41): Illuminate\\Container\\BoundMethod::Illuminate\\Container\\{closure}()
#22 /home/victor/trabalho/nipee/backend/vendor/laravel/framework/src/Illuminate/Container/BoundMethod.php(81): Illuminate\\Container\\Util::unwrapIfClosure()
#23 /home/victor/trabalho/nipee/backend/vendor/laravel/framework/src/Illuminate/Container/BoundMethod.php(35): Illuminate\\Container\\BoundMethod::callBoundMethod()
#24 /home/victor/trabalho/nipee/backend/vendor/laravel/framework/src/Illuminate/Container/Container.php(661): Illuminate\\Container\\BoundMethod::call()
#25 /home/victor/trabalho/nipee/backend/vendor/laravel/framework/src/Illuminate/Foundation/Application.php(1198): Illuminate\\Container\\Container->call()
#26 /home/victor/trabalho/nipee/backend/vendor/laravel/framework/src/Illuminate/Foundation/Http/Kernel.php(205): Illuminate\\Foundation\\Application->terminate()
#27 /home/victor/trabalho/nipee/backend/public/index.php(55): Illuminate\\Foundation\\Http\\Kernel->terminate()
#28 /home/victor/trabalho/nipee/backend/server.php(21): require_once('...')
#29 {main}
"} 
[2025-02-20 20:38:42] local.ERROR: SQLSTATE[HY000] [1045] Access denied for user 'root'@'localhost' (using password: NO) (SQL: insert into `telescope_entries` (`batch_id`, `content`, `created_at`, `family_hash`, `type`, `uuid`) values (9e42bcc7-3e00-417f-a8d7-f43ce9751699, {"ip_address":"127.0.0.1","uri":"\/api\/candidates?perPage=99999&withoutTrashed=true","method":"OPTIONS","controller_action":null,"middleware":[],"headers":{"host":"localhost:8000","connection":"keep-alive","accept":"*\/*","access-control-request-method":"GET","access-control-request-headers":"access-control-allow-origin,x-requested-with","origin":"http:\/\/localhost:3000","user-agent":"Mozilla\/5.0 (X11; Linux x86_64) AppleWebKit\/537.36 (KHTML, like Gecko) Chrome\/133.0.0.0 Safari\/537.36","sec-fetch-mode":"cors","sec-fetch-site":"same-site","sec-fetch-dest":"empty","referer":"http:\/\/localhost:3000\/","accept-encoding":"gzip, deflate, br, zstd","accept-language":"pt-BR,pt;q=0.9,en;q=0.8"},"payload":{"perPage":"99999","withoutTrashed":"true"},"session":[],"response_status":204,"response":"Empty Response","duration":8,"memory":2,"hostname":"pc-do-victor"}, 2025-02-20 20:38:42, ?, request, 9e42bcc7-3d88-4392-9956-7cc663a37566)) {"exception":"[object] (Illuminate\\Database\\QueryException(code: 1045): SQLSTATE[HY000] [1045] Access denied for user 'root'@'localhost' (using password: NO) (SQL: insert into `telescope_entries` (`batch_id`, `content`, `created_at`, `family_hash`, `type`, `uuid`) values (9e42bcc7-3e00-417f-a8d7-f43ce9751699, {\"ip_address\":\"127.0.0.1\",\"uri\":\"\\/api\\/candidates?perPage=99999&withoutTrashed=true\",\"method\":\"OPTIONS\",\"controller_action\":null,\"middleware\":[],\"headers\":{\"host\":\"localhost:8000\",\"connection\":\"keep-alive\",\"accept\":\"*\\/*\",\"access-control-request-method\":\"GET\",\"access-control-request-headers\":\"access-control-allow-origin,x-requested-with\",\"origin\":\"http:\\/\\/localhost:3000\",\"user-agent\":\"Mozilla\\/5.0 (X11; Linux x86_64) AppleWebKit\\/537.36 (KHTML, like Gecko) Chrome\\/133.0.0.0 Safari\\/537.36\",\"sec-fetch-mode\":\"cors\",\"sec-fetch-site\":\"same-site\",\"sec-fetch-dest\":\"empty\",\"referer\":\"http:\\/\\/localhost:3000\\/\",\"accept-encoding\":\"gzip, deflate, br, zstd\",\"accept-language\":\"pt-BR,pt;q=0.9,en;q=0.8\"},\"payload\":{\"perPage\":\"99999\",\"withoutTrashed\":\"true\"},\"session\":[],\"response_status\":204,\"response\":\"Empty Response\",\"duration\":8,\"memory\":2,\"hostname\":\"pc-do-victor\"}, 2025-02-20 20:38:42, ?, request, 9e42bcc7-3d88-4392-9956-7cc663a37566)) at /home/victor/trabalho/nipee/backend/vendor/laravel/framework/src/Illuminate/Database/Connection.php:760)
[stacktrace]
#0 /home/victor/trabalho/nipee/backend/vendor/laravel/framework/src/Illuminate/Database/Connection.php(720): Illuminate\\Database\\Connection->runQueryCallback()
#1 /home/victor/trabalho/nipee/backend/vendor/laravel/framework/src/Illuminate/Database/Connection.php(534): Illuminate\\Database\\Connection->run()
#2 /home/victor/trabalho/nipee/backend/vendor/laravel/framework/src/Illuminate/Database/Connection.php(498): Illuminate\\Database\\Connection->statement()
#3 /home/victor/trabalho/nipee/backend/vendor/laravel/framework/src/Illuminate/Database/Query/Builder.php(3272): Illuminate\\Database\\Connection->insert()
#4 /home/victor/trabalho/nipee/backend/vendor/laravel/telescope/src/Storage/DatabaseEntriesRepository.php(145): Illuminate\\Database\\Query\\Builder->insert()
#5 /home/victor/trabalho/nipee/backend/vendor/laravel/framework/src/Illuminate/Collections/Traits/EnumeratesValues.php(235): Laravel\\Telescope\\Storage\\DatabaseEntriesRepository->Laravel\\Telescope\\Storage\\{closure}()
#6 /home/victor/trabalho/nipee/backend/vendor/laravel/telescope/src/Storage/DatabaseEntriesRepository.php(144): Illuminate\\Support\\Collection->each()
#7 /home/victor/trabalho/nipee/backend/vendor/laravel/telescope/src/Telescope.php(668): Laravel\\Telescope\\Storage\\DatabaseEntriesRepository->store()
#8 [internal function]: Laravel\\Telescope\\Telescope::Laravel\\Telescope\\{closure}()
#9 /home/victor/trabalho/nipee/backend/vendor/laravel/telescope/src/Telescope.php(293): call_user_func()
#10 /home/victor/trabalho/nipee/backend/vendor/laravel/telescope/src/Telescope.php(660): Laravel\\Telescope\\Telescope::withoutRecording()
#11 /home/victor/trabalho/nipee/backend/vendor/laravel/telescope/src/ListensForStorageOpportunities.php(65): Laravel\\Telescope\\Telescope::store()
#12 /home/victor/trabalho/nipee/backend/vendor/laravel/framework/src/Illuminate/Container/BoundMethod.php(36): Laravel\\Telescope\\Telescope::Laravel\\Telescope\\{closure}()
#13 /home/victor/trabalho/nipee/backend/vendor/laravel/framework/src/Illuminate/Container/Util.php(41): Illuminate\\Container\\BoundMethod::Illuminate\\Container\\{closure}()
#14 /home/victor/trabalho/nipee/backend/vendor/laravel/framework/src/Illuminate/Container/BoundMethod.php(81): Illuminate\\Container\\Util::unwrapIfClosure()
#15 /home/victor/trabalho/nipee/backend/vendor/laravel/framework/src/Illuminate/Container/BoundMethod.php(35): Illuminate\\Container\\BoundMethod::callBoundMethod()
#16 /home/victor/trabalho/nipee/backend/vendor/laravel/framework/src/Illuminate/Container/Container.php(661): Illuminate\\Container\\BoundMethod::call()
#17 /home/victor/trabalho/nipee/backend/vendor/laravel/framework/src/Illuminate/Foundation/Application.php(1198): Illuminate\\Container\\Container->call()
#18 /home/victor/trabalho/nipee/backend/vendor/laravel/framework/src/Illuminate/Foundation/Http/Kernel.php(205): Illuminate\\Foundation\\Application->terminate()
#19 /home/victor/trabalho/nipee/backend/public/index.php(55): Illuminate\\Foundation\\Http\\Kernel->terminate()
#20 /home/victor/trabalho/nipee/backend/server.php(21): require_once('...')
#21 {main}

[previous exception] [object] (PDOException(code: 1045): SQLSTATE[HY000] [1045] Access denied for user 'root'@'localhost' (using password: NO) at /home/victor/trabalho/nipee/backend/vendor/laravel/framework/src/Illuminate/Database/Connectors/Connector.php:70)
[stacktrace]
#0 /home/victor/trabalho/nipee/backend/vendor/laravel/framework/src/Illuminate/Database/Connectors/Connector.php(70): PDO->__construct()
#1 /home/victor/trabalho/nipee/backend/vendor/laravel/framework/src/Illuminate/Database/Connectors/Connector.php(45): Illuminate\\Database\\Connectors\\Connector->createPdoConnection()
#2 /home/victor/trabalho/nipee/backend/vendor/laravel/framework/src/Illuminate/Database/Connectors/MySqlConnector.php(24): Illuminate\\Database\\Connectors\\Connector->createConnection()
#3 /home/victor/trabalho/nipee/backend/vendor/laravel/framework/src/Illuminate/Database/Connectors/ConnectionFactory.php(184): Illuminate\\Database\\Connectors\\MySqlConnector->connect()
#4 [internal function]: Illuminate\\Database\\Connectors\\ConnectionFactory->Illuminate\\Database\\Connectors\\{closure}()
#5 /home/victor/trabalho/nipee/backend/vendor/laravel/framework/src/Illuminate/Database/Connection.php(1181): call_user_func()
#6 /home/victor/trabalho/nipee/backend/vendor/laravel/framework/src/Illuminate/Database/Connection.php(539): Illuminate\\Database\\Connection->getPdo()
#7 /home/victor/trabalho/nipee/backend/vendor/laravel/framework/src/Illuminate/Database/Connection.php(753): Illuminate\\Database\\Connection->Illuminate\\Database\\{closure}()
#8 /home/victor/trabalho/nipee/backend/vendor/laravel/framework/src/Illuminate/Database/Connection.php(720): Illuminate\\Database\\Connection->runQueryCallback()
#9 /home/victor/trabalho/nipee/backend/vendor/laravel/framework/src/Illuminate/Database/Connection.php(534): Illuminate\\Database\\Connection->run()
#10 /home/victor/trabalho/nipee/backend/vendor/laravel/framework/src/Illuminate/Database/Connection.php(498): Illuminate\\Database\\Connection->statement()
#11 /home/victor/trabalho/nipee/backend/vendor/laravel/framework/src/Illuminate/Database/Query/Builder.php(3272): Illuminate\\Database\\Connection->insert()
#12 /home/victor/trabalho/nipee/backend/vendor/laravel/telescope/src/Storage/DatabaseEntriesRepository.php(145): Illuminate\\Database\\Query\\Builder->insert()
#13 /home/victor/trabalho/nipee/backend/vendor/laravel/framework/src/Illuminate/Collections/Traits/EnumeratesValues.php(235): Laravel\\Telescope\\Storage\\DatabaseEntriesRepository->Laravel\\Telescope\\Storage\\{closure}()
#14 /home/victor/trabalho/nipee/backend/vendor/laravel/telescope/src/Storage/DatabaseEntriesRepository.php(144): Illuminate\\Support\\Collection->each()
#15 /home/victor/trabalho/nipee/backend/vendor/laravel/telescope/src/Telescope.php(668): Laravel\\Telescope\\Storage\\DatabaseEntriesRepository->store()
#16 [internal function]: Laravel\\Telescope\\Telescope::Laravel\\Telescope\\{closure}()
#17 /home/victor/trabalho/nipee/backend/vendor/laravel/telescope/src/Telescope.php(293): call_user_func()
#18 /home/victor/trabalho/nipee/backend/vendor/laravel/telescope/src/Telescope.php(660): Laravel\\Telescope\\Telescope::withoutRecording()
#19 /home/victor/trabalho/nipee/backend/vendor/laravel/telescope/src/ListensForStorageOpportunities.php(65): Laravel\\Telescope\\Telescope::store()
#20 /home/victor/trabalho/nipee/backend/vendor/laravel/framework/src/Illuminate/Container/BoundMethod.php(36): Laravel\\Telescope\\Telescope::Laravel\\Telescope\\{closure}()
#21 /home/victor/trabalho/nipee/backend/vendor/laravel/framework/src/Illuminate/Container/Util.php(41): Illuminate\\Container\\BoundMethod::Illuminate\\Container\\{closure}()
#22 /home/victor/trabalho/nipee/backend/vendor/laravel/framework/src/Illuminate/Container/BoundMethod.php(81): Illuminate\\Container\\Util::unwrapIfClosure()
#23 /home/victor/trabalho/nipee/backend/vendor/laravel/framework/src/Illuminate/Container/BoundMethod.php(35): Illuminate\\Container\\BoundMethod::callBoundMethod()
#24 /home/victor/trabalho/nipee/backend/vendor/laravel/framework/src/Illuminate/Container/Container.php(661): Illuminate\\Container\\BoundMethod::call()
#25 /home/victor/trabalho/nipee/backend/vendor/laravel/framework/src/Illuminate/Foundation/Application.php(1198): Illuminate\\Container\\Container->call()
#26 /home/victor/trabalho/nipee/backend/vendor/laravel/framework/src/Illuminate/Foundation/Http/Kernel.php(205): Illuminate\\Foundation\\Application->terminate()
#27 /home/victor/trabalho/nipee/backend/public/index.php(55): Illuminate\\Foundation\\Http\\Kernel->terminate()
#28 /home/victor/trabalho/nipee/backend/server.php(21): require_once('...')
#29 {main}
"} 
[2025-02-20 20:38:42] local.ERROR: SQLSTATE[HY000] [1045] Access denied for user 'root'@'localhost' (using password: NO) (SQL: insert into `telescope_entries` (`batch_id`, `content`, `created_at`, `family_hash`, `type`, `uuid`) values (9e42bcc7-42c2-45da-87b2-63b5f3b5c85f, {"ip_address":"127.0.0.1","uri":"\/api\/base-records?perPage=9999&type=6&withoutTrashed=true","method":"OPTIONS","controller_action":null,"middleware":[],"headers":{"host":"localhost:8000","connection":"keep-alive","accept":"*\/*","access-control-request-method":"GET","access-control-request-headers":"access-control-allow-origin,x-requested-with","origin":"http:\/\/localhost:3000","user-agent":"Mozilla\/5.0 (X11; Linux x86_64) AppleWebKit\/537.36 (KHTML, like Gecko) Chrome\/133.0.0.0 Safari\/537.36","sec-fetch-mode":"cors","sec-fetch-site":"same-site","sec-fetch-dest":"empty","referer":"http:\/\/localhost:3000\/","accept-encoding":"gzip, deflate, br, zstd","accept-language":"pt-BR,pt;q=0.9,en;q=0.8"},"payload":{"type":"6","perPage":"9999","withoutTrashed":"true"},"session":[],"response_status":204,"response":"Empty Response","duration":7,"memory":2,"hostname":"pc-do-victor"}, 2025-02-20 20:38:42, ?, request, 9e42bcc7-4266-40a2-8590-0b71e6acc213)) {"exception":"[object] (Illuminate\\Database\\QueryException(code: 1045): SQLSTATE[HY000] [1045] Access denied for user 'root'@'localhost' (using password: NO) (SQL: insert into `telescope_entries` (`batch_id`, `content`, `created_at`, `family_hash`, `type`, `uuid`) values (9e42bcc7-42c2-45da-87b2-63b5f3b5c85f, {\"ip_address\":\"127.0.0.1\",\"uri\":\"\\/api\\/base-records?perPage=9999&type=6&withoutTrashed=true\",\"method\":\"OPTIONS\",\"controller_action\":null,\"middleware\":[],\"headers\":{\"host\":\"localhost:8000\",\"connection\":\"keep-alive\",\"accept\":\"*\\/*\",\"access-control-request-method\":\"GET\",\"access-control-request-headers\":\"access-control-allow-origin,x-requested-with\",\"origin\":\"http:\\/\\/localhost:3000\",\"user-agent\":\"Mozilla\\/5.0 (X11; Linux x86_64) AppleWebKit\\/537.36 (KHTML, like Gecko) Chrome\\/133.0.0.0 Safari\\/537.36\",\"sec-fetch-mode\":\"cors\",\"sec-fetch-site\":\"same-site\",\"sec-fetch-dest\":\"empty\",\"referer\":\"http:\\/\\/localhost:3000\\/\",\"accept-encoding\":\"gzip, deflate, br, zstd\",\"accept-language\":\"pt-BR,pt;q=0.9,en;q=0.8\"},\"payload\":{\"type\":\"6\",\"perPage\":\"9999\",\"withoutTrashed\":\"true\"},\"session\":[],\"response_status\":204,\"response\":\"Empty Response\",\"duration\":7,\"memory\":2,\"hostname\":\"pc-do-victor\"}, 2025-02-20 20:38:42, ?, request, 9e42bcc7-4266-40a2-8590-0b71e6acc213)) at /home/victor/trabalho/nipee/backend/vendor/laravel/framework/src/Illuminate/Database/Connection.php:760)
[stacktrace]
#0 /home/victor/trabalho/nipee/backend/vendor/laravel/framework/src/Illuminate/Database/Connection.php(720): Illuminate\\Database\\Connection->runQueryCallback()
#1 /home/victor/trabalho/nipee/backend/vendor/laravel/framework/src/Illuminate/Database/Connection.php(534): Illuminate\\Database\\Connection->run()
#2 /home/victor/trabalho/nipee/backend/vendor/laravel/framework/src/Illuminate/Database/Connection.php(498): Illuminate\\Database\\Connection->statement()
#3 /home/victor/trabalho/nipee/backend/vendor/laravel/framework/src/Illuminate/Database/Query/Builder.php(3272): Illuminate\\Database\\Connection->insert()
#4 /home/victor/trabalho/nipee/backend/vendor/laravel/telescope/src/Storage/DatabaseEntriesRepository.php(145): Illuminate\\Database\\Query\\Builder->insert()
#5 /home/victor/trabalho/nipee/backend/vendor/laravel/framework/src/Illuminate/Collections/Traits/EnumeratesValues.php(235): Laravel\\Telescope\\Storage\\DatabaseEntriesRepository->Laravel\\Telescope\\Storage\\{closure}()
#6 /home/victor/trabalho/nipee/backend/vendor/laravel/telescope/src/Storage/DatabaseEntriesRepository.php(144): Illuminate\\Support\\Collection->each()
#7 /home/victor/trabalho/nipee/backend/vendor/laravel/telescope/src/Telescope.php(668): Laravel\\Telescope\\Storage\\DatabaseEntriesRepository->store()
#8 [internal function]: Laravel\\Telescope\\Telescope::Laravel\\Telescope\\{closure}()
#9 /home/victor/trabalho/nipee/backend/vendor/laravel/telescope/src/Telescope.php(293): call_user_func()
#10 /home/victor/trabalho/nipee/backend/vendor/laravel/telescope/src/Telescope.php(660): Laravel\\Telescope\\Telescope::withoutRecording()
#11 /home/victor/trabalho/nipee/backend/vendor/laravel/telescope/src/ListensForStorageOpportunities.php(65): Laravel\\Telescope\\Telescope::store()
#12 /home/victor/trabalho/nipee/backend/vendor/laravel/framework/src/Illuminate/Container/BoundMethod.php(36): Laravel\\Telescope\\Telescope::Laravel\\Telescope\\{closure}()
#13 /home/victor/trabalho/nipee/backend/vendor/laravel/framework/src/Illuminate/Container/Util.php(41): Illuminate\\Container\\BoundMethod::Illuminate\\Container\\{closure}()
#14 /home/victor/trabalho/nipee/backend/vendor/laravel/framework/src/Illuminate/Container/BoundMethod.php(81): Illuminate\\Container\\Util::unwrapIfClosure()
#15 /home/victor/trabalho/nipee/backend/vendor/laravel/framework/src/Illuminate/Container/BoundMethod.php(35): Illuminate\\Container\\BoundMethod::callBoundMethod()
#16 /home/victor/trabalho/nipee/backend/vendor/laravel/framework/src/Illuminate/Container/Container.php(661): Illuminate\\Container\\BoundMethod::call()
#17 /home/victor/trabalho/nipee/backend/vendor/laravel/framework/src/Illuminate/Foundation/Application.php(1198): Illuminate\\Container\\Container->call()
#18 /home/victor/trabalho/nipee/backend/vendor/laravel/framework/src/Illuminate/Foundation/Http/Kernel.php(205): Illuminate\\Foundation\\Application->terminate()
#19 /home/victor/trabalho/nipee/backend/public/index.php(55): Illuminate\\Foundation\\Http\\Kernel->terminate()
#20 /home/victor/trabalho/nipee/backend/server.php(21): require_once('...')
#21 {main}

[previous exception] [object] (PDOException(code: 1045): SQLSTATE[HY000] [1045] Access denied for user 'root'@'localhost' (using password: NO) at /home/victor/trabalho/nipee/backend/vendor/laravel/framework/src/Illuminate/Database/Connectors/Connector.php:70)
[stacktrace]
#0 /home/victor/trabalho/nipee/backend/vendor/laravel/framework/src/Illuminate/Database/Connectors/Connector.php(70): PDO->__construct()
#1 /home/victor/trabalho/nipee/backend/vendor/laravel/framework/src/Illuminate/Database/Connectors/Connector.php(45): Illuminate\\Database\\Connectors\\Connector->createPdoConnection()
#2 /home/victor/trabalho/nipee/backend/vendor/laravel/framework/src/Illuminate/Database/Connectors/MySqlConnector.php(24): Illuminate\\Database\\Connectors\\Connector->createConnection()
#3 /home/victor/trabalho/nipee/backend/vendor/laravel/framework/src/Illuminate/Database/Connectors/ConnectionFactory.php(184): Illuminate\\Database\\Connectors\\MySqlConnector->connect()
#4 [internal function]: Illuminate\\Database\\Connectors\\ConnectionFactory->Illuminate\\Database\\Connectors\\{closure}()
#5 /home/victor/trabalho/nipee/backend/vendor/laravel/framework/src/Illuminate/Database/Connection.php(1181): call_user_func()
#6 /home/victor/trabalho/nipee/backend/vendor/laravel/framework/src/Illuminate/Database/Connection.php(539): Illuminate\\Database\\Connection->getPdo()
#7 /home/victor/trabalho/nipee/backend/vendor/laravel/framework/src/Illuminate/Database/Connection.php(753): Illuminate\\Database\\Connection->Illuminate\\Database\\{closure}()
#8 /home/victor/trabalho/nipee/backend/vendor/laravel/framework/src/Illuminate/Database/Connection.php(720): Illuminate\\Database\\Connection->runQueryCallback()
#9 /home/victor/trabalho/nipee/backend/vendor/laravel/framework/src/Illuminate/Database/Connection.php(534): Illuminate\\Database\\Connection->run()
#10 /home/victor/trabalho/nipee/backend/vendor/laravel/framework/src/Illuminate/Database/Connection.php(498): Illuminate\\Database\\Connection->statement()
#11 /home/victor/trabalho/nipee/backend/vendor/laravel/framework/src/Illuminate/Database/Query/Builder.php(3272): Illuminate\\Database\\Connection->insert()
#12 /home/victor/trabalho/nipee/backend/vendor/laravel/telescope/src/Storage/DatabaseEntriesRepository.php(145): Illuminate\\Database\\Query\\Builder->insert()
#13 /home/victor/trabalho/nipee/backend/vendor/laravel/framework/src/Illuminate/Collections/Traits/EnumeratesValues.php(235): Laravel\\Telescope\\Storage\\DatabaseEntriesRepository->Laravel\\Telescope\\Storage\\{closure}()
#14 /home/victor/trabalho/nipee/backend/vendor/laravel/telescope/src/Storage/DatabaseEntriesRepository.php(144): Illuminate\\Support\\Collection->each()
#15 /home/victor/trabalho/nipee/backend/vendor/laravel/telescope/src/Telescope.php(668): Laravel\\Telescope\\Storage\\DatabaseEntriesRepository->store()
#16 [internal function]: Laravel\\Telescope\\Telescope::Laravel\\Telescope\\{closure}()
#17 /home/victor/trabalho/nipee/backend/vendor/laravel/telescope/src/Telescope.php(293): call_user_func()
#18 /home/victor/trabalho/nipee/backend/vendor/laravel/telescope/src/Telescope.php(660): Laravel\\Telescope\\Telescope::withoutRecording()
#19 /home/victor/trabalho/nipee/backend/vendor/laravel/telescope/src/ListensForStorageOpportunities.php(65): Laravel\\Telescope\\Telescope::store()
#20 /home/victor/trabalho/nipee/backend/vendor/laravel/framework/src/Illuminate/Container/BoundMethod.php(36): Laravel\\Telescope\\Telescope::Laravel\\Telescope\\{closure}()
#21 /home/victor/trabalho/nipee/backend/vendor/laravel/framework/src/Illuminate/Container/Util.php(41): Illuminate\\Container\\BoundMethod::Illuminate\\Container\\{closure}()
#22 /home/victor/trabalho/nipee/backend/vendor/laravel/framework/src/Illuminate/Container/BoundMethod.php(81): Illuminate\\Container\\Util::unwrapIfClosure()
#23 /home/victor/trabalho/nipee/backend/vendor/laravel/framework/src/Illuminate/Container/BoundMethod.php(35): Illuminate\\Container\\BoundMethod::callBoundMethod()
#24 /home/victor/trabalho/nipee/backend/vendor/laravel/framework/src/Illuminate/Container/Container.php(661): Illuminate\\Container\\BoundMethod::call()
#25 /home/victor/trabalho/nipee/backend/vendor/laravel/framework/src/Illuminate/Foundation/Application.php(1198): Illuminate\\Container\\Container->call()
#26 /home/victor/trabalho/nipee/backend/vendor/laravel/framework/src/Illuminate/Foundation/Http/Kernel.php(205): Illuminate\\Foundation\\Application->terminate()
#27 /home/victor/trabalho/nipee/backend/public/index.php(55): Illuminate\\Foundation\\Http\\Kernel->terminate()
#28 /home/victor/trabalho/nipee/backend/server.php(21): require_once('...')
#29 {main}
"} 
[2025-02-20 20:38:42] local.ERROR: SQLSTATE[HY000] [1045] Access denied for user 'root'@'localhost' (using password: NO) (SQL: insert into `telescope_entries` (`batch_id`, `content`, `created_at`, `family_hash`, `type`, `uuid`) values (9e42bcc7-4774-456e-be18-477306f59eab, {"ip_address":"127.0.0.1","uri":"\/api\/ping","method":"OPTIONS","controller_action":null,"middleware":[],"headers":{"host":"localhost:8000","connection":"keep-alive","accept":"*\/*","access-control-request-method":"GET","access-control-request-headers":"access-control-allow-origin,x-requested-with","origin":"http:\/\/localhost:3000","user-agent":"Mozilla\/5.0 (X11; Linux x86_64) AppleWebKit\/537.36 (KHTML, like Gecko) Chrome\/133.0.0.0 Safari\/537.36","sec-fetch-mode":"cors","sec-fetch-site":"same-site","sec-fetch-dest":"empty","referer":"http:\/\/localhost:3000\/","accept-encoding":"gzip, deflate, br, zstd","accept-language":"pt-BR,pt;q=0.9,en;q=0.8"},"payload":[],"session":[],"response_status":204,"response":"Empty Response","duration":8,"memory":2,"hostname":"pc-do-victor"}, 2025-02-20 20:38:42, ?, request, 9e42bcc7-4725-4941-986d-caacd5e17fde)) {"exception":"[object] (Illuminate\\Database\\QueryException(code: 1045): SQLSTATE[HY000] [1045] Access denied for user 'root'@'localhost' (using password: NO) (SQL: insert into `telescope_entries` (`batch_id`, `content`, `created_at`, `family_hash`, `type`, `uuid`) values (9e42bcc7-4774-456e-be18-477306f59eab, {\"ip_address\":\"127.0.0.1\",\"uri\":\"\\/api\\/ping\",\"method\":\"OPTIONS\",\"controller_action\":null,\"middleware\":[],\"headers\":{\"host\":\"localhost:8000\",\"connection\":\"keep-alive\",\"accept\":\"*\\/*\",\"access-control-request-method\":\"GET\",\"access-control-request-headers\":\"access-control-allow-origin,x-requested-with\",\"origin\":\"http:\\/\\/localhost:3000\",\"user-agent\":\"Mozilla\\/5.0 (X11; Linux x86_64) AppleWebKit\\/537.36 (KHTML, like Gecko) Chrome\\/133.0.0.0 Safari\\/537.36\",\"sec-fetch-mode\":\"cors\",\"sec-fetch-site\":\"same-site\",\"sec-fetch-dest\":\"empty\",\"referer\":\"http:\\/\\/localhost:3000\\/\",\"accept-encoding\":\"gzip, deflate, br, zstd\",\"accept-language\":\"pt-BR,pt;q=0.9,en;q=0.8\"},\"payload\":[],\"session\":[],\"response_status\":204,\"response\":\"Empty Response\",\"duration\":8,\"memory\":2,\"hostname\":\"pc-do-victor\"}, 2025-02-20 20:38:42, ?, request, 9e42bcc7-4725-4941-986d-caacd5e17fde)) at /home/victor/trabalho/nipee/backend/vendor/laravel/framework/src/Illuminate/Database/Connection.php:760)
[stacktrace]
#0 /home/victor/trabalho/nipee/backend/vendor/laravel/framework/src/Illuminate/Database/Connection.php(720): Illuminate\\Database\\Connection->runQueryCallback()
#1 /home/victor/trabalho/nipee/backend/vendor/laravel/framework/src/Illuminate/Database/Connection.php(534): Illuminate\\Database\\Connection->run()
#2 /home/victor/trabalho/nipee/backend/vendor/laravel/framework/src/Illuminate/Database/Connection.php(498): Illuminate\\Database\\Connection->statement()
#3 /home/victor/trabalho/nipee/backend/vendor/laravel/framework/src/Illuminate/Database/Query/Builder.php(3272): Illuminate\\Database\\Connection->insert()
#4 /home/victor/trabalho/nipee/backend/vendor/laravel/telescope/src/Storage/DatabaseEntriesRepository.php(145): Illuminate\\Database\\Query\\Builder->insert()
#5 /home/victor/trabalho/nipee/backend/vendor/laravel/framework/src/Illuminate/Collections/Traits/EnumeratesValues.php(235): Laravel\\Telescope\\Storage\\DatabaseEntriesRepository->Laravel\\Telescope\\Storage\\{closure}()
#6 /home/victor/trabalho/nipee/backend/vendor/laravel/telescope/src/Storage/DatabaseEntriesRepository.php(144): Illuminate\\Support\\Collection->each()
#7 /home/victor/trabalho/nipee/backend/vendor/laravel/telescope/src/Telescope.php(668): Laravel\\Telescope\\Storage\\DatabaseEntriesRepository->store()
#8 [internal function]: Laravel\\Telescope\\Telescope::Laravel\\Telescope\\{closure}()
#9 /home/victor/trabalho/nipee/backend/vendor/laravel/telescope/src/Telescope.php(293): call_user_func()
#10 /home/victor/trabalho/nipee/backend/vendor/laravel/telescope/src/Telescope.php(660): Laravel\\Telescope\\Telescope::withoutRecording()
#11 /home/victor/trabalho/nipee/backend/vendor/laravel/telescope/src/ListensForStorageOpportunities.php(65): Laravel\\Telescope\\Telescope::store()
#12 /home/victor/trabalho/nipee/backend/vendor/laravel/framework/src/Illuminate/Container/BoundMethod.php(36): Laravel\\Telescope\\Telescope::Laravel\\Telescope\\{closure}()
#13 /home/victor/trabalho/nipee/backend/vendor/laravel/framework/src/Illuminate/Container/Util.php(41): Illuminate\\Container\\BoundMethod::Illuminate\\Container\\{closure}()
#14 /home/victor/trabalho/nipee/backend/vendor/laravel/framework/src/Illuminate/Container/BoundMethod.php(81): Illuminate\\Container\\Util::unwrapIfClosure()
#15 /home/victor/trabalho/nipee/backend/vendor/laravel/framework/src/Illuminate/Container/BoundMethod.php(35): Illuminate\\Container\\BoundMethod::callBoundMethod()
#16 /home/victor/trabalho/nipee/backend/vendor/laravel/framework/src/Illuminate/Container/Container.php(661): Illuminate\\Container\\BoundMethod::call()
#17 /home/victor/trabalho/nipee/backend/vendor/laravel/framework/src/Illuminate/Foundation/Application.php(1198): Illuminate\\Container\\Container->call()
#18 /home/victor/trabalho/nipee/backend/vendor/laravel/framework/src/Illuminate/Foundation/Http/Kernel.php(205): Illuminate\\Foundation\\Application->terminate()
#19 /home/victor/trabalho/nipee/backend/public/index.php(55): Illuminate\\Foundation\\Http\\Kernel->terminate()
#20 /home/victor/trabalho/nipee/backend/server.php(21): require_once('...')
#21 {main}

[previous exception] [object] (PDOException(code: 1045): SQLSTATE[HY000] [1045] Access denied for user 'root'@'localhost' (using password: NO) at /home/victor/trabalho/nipee/backend/vendor/laravel/framework/src/Illuminate/Database/Connectors/Connector.php:70)
[stacktrace]
#0 /home/victor/trabalho/nipee/backend/vendor/laravel/framework/src/Illuminate/Database/Connectors/Connector.php(70): PDO->__construct()
#1 /home/victor/trabalho/nipee/backend/vendor/laravel/framework/src/Illuminate/Database/Connectors/Connector.php(45): Illuminate\\Database\\Connectors\\Connector->createPdoConnection()
#2 /home/victor/trabalho/nipee/backend/vendor/laravel/framework/src/Illuminate/Database/Connectors/MySqlConnector.php(24): Illuminate\\Database\\Connectors\\Connector->createConnection()
#3 /home/victor/trabalho/nipee/backend/vendor/laravel/framework/src/Illuminate/Database/Connectors/ConnectionFactory.php(184): Illuminate\\Database\\Connectors\\MySqlConnector->connect()
#4 [internal function]: Illuminate\\Database\\Connectors\\ConnectionFactory->Illuminate\\Database\\Connectors\\{closure}()
#5 /home/victor/trabalho/nipee/backend/vendor/laravel/framework/src/Illuminate/Database/Connection.php(1181): call_user_func()
#6 /home/victor/trabalho/nipee/backend/vendor/laravel/framework/src/Illuminate/Database/Connection.php(539): Illuminate\\Database\\Connection->getPdo()
#7 /home/victor/trabalho/nipee/backend/vendor/laravel/framework/src/Illuminate/Database/Connection.php(753): Illuminate\\Database\\Connection->Illuminate\\Database\\{closure}()
#8 /home/victor/trabalho/nipee/backend/vendor/laravel/framework/src/Illuminate/Database/Connection.php(720): Illuminate\\Database\\Connection->runQueryCallback()
#9 /home/victor/trabalho/nipee/backend/vendor/laravel/framework/src/Illuminate/Database/Connection.php(534): Illuminate\\Database\\Connection->run()
#10 /home/victor/trabalho/nipee/backend/vendor/laravel/framework/src/Illuminate/Database/Connection.php(498): Illuminate\\Database\\Connection->statement()
#11 /home/victor/trabalho/nipee/backend/vendor/laravel/framework/src/Illuminate/Database/Query/Builder.php(3272): Illuminate\\Database\\Connection->insert()
#12 /home/victor/trabalho/nipee/backend/vendor/laravel/telescope/src/Storage/DatabaseEntriesRepository.php(145): Illuminate\\Database\\Query\\Builder->insert()
#13 /home/victor/trabalho/nipee/backend/vendor/laravel/framework/src/Illuminate/Collections/Traits/EnumeratesValues.php(235): Laravel\\Telescope\\Storage\\DatabaseEntriesRepository->Laravel\\Telescope\\Storage\\{closure}()
#14 /home/victor/trabalho/nipee/backend/vendor/laravel/telescope/src/Storage/DatabaseEntriesRepository.php(144): Illuminate\\Support\\Collection->each()
#15 /home/victor/trabalho/nipee/backend/vendor/laravel/telescope/src/Telescope.php(668): Laravel\\Telescope\\Storage\\DatabaseEntriesRepository->store()
#16 [internal function]: Laravel\\Telescope\\Telescope::Laravel\\Telescope\\{closure}()
#17 /home/victor/trabalho/nipee/backend/vendor/laravel/telescope/src/Telescope.php(293): call_user_func()
#18 /home/victor/trabalho/nipee/backend/vendor/laravel/telescope/src/Telescope.php(660): Laravel\\Telescope\\Telescope::withoutRecording()
#19 /home/victor/trabalho/nipee/backend/vendor/laravel/telescope/src/ListensForStorageOpportunities.php(65): Laravel\\Telescope\\Telescope::store()
#20 /home/victor/trabalho/nipee/backend/vendor/laravel/framework/src/Illuminate/Container/BoundMethod.php(36): Laravel\\Telescope\\Telescope::Laravel\\Telescope\\{closure}()
#21 /home/victor/trabalho/nipee/backend/vendor/laravel/framework/src/Illuminate/Container/Util.php(41): Illuminate\\Container\\BoundMethod::Illuminate\\Container\\{closure}()
#22 /home/victor/trabalho/nipee/backend/vendor/laravel/framework/src/Illuminate/Container/BoundMethod.php(81): Illuminate\\Container\\Util::unwrapIfClosure()
#23 /home/victor/trabalho/nipee/backend/vendor/laravel/framework/src/Illuminate/Container/BoundMethod.php(35): Illuminate\\Container\\BoundMethod::callBoundMethod()
#24 /home/victor/trabalho/nipee/backend/vendor/laravel/framework/src/Illuminate/Container/Container.php(661): Illuminate\\Container\\BoundMethod::call()
#25 /home/victor/trabalho/nipee/backend/vendor/laravel/framework/src/Illuminate/Foundation/Application.php(1198): Illuminate\\Container\\Container->call()
#26 /home/victor/trabalho/nipee/backend/vendor/laravel/framework/src/Illuminate/Foundation/Http/Kernel.php(205): Illuminate\\Foundation\\Application->terminate()
#27 /home/victor/trabalho/nipee/backend/public/index.php(55): Illuminate\\Foundation\\Http\\Kernel->terminate()
#28 /home/victor/trabalho/nipee/backend/server.php(21): require_once('...')
#29 {main}
"} 
[2025-02-20 20:38:42] local.ERROR: SQLSTATE[HY000] [1045] Access denied for user 'root'@'localhost' (using password: NO) (SQL: insert into `telescope_entries` (`batch_id`, `content`, `created_at`, `family_hash`, `type`, `uuid`) values (9e42bcc7-50a5-4b02-879d-78fc80dcbc2f, {"ip_address":"127.0.0.1","uri":"\/api\/companies?perPage=9999&withoutTrashed=true","method":"GET","controller_action":"App\\Http\\Controllers\\Api\\CompanyController@index","middleware":["auth:api","substitutes","auth.gate"],"headers":{"host":"localhost:8000","connection":"keep-alive","sec-ch-ua-platform":"\"Linux\"","sec-ch-ua":"\"Not(A:Brand\";v=\"99\", \"Google Chrome\";v=\"133\", \"Chromium\";v=\"133\"","sec-ch-ua-mobile":"?0","access-control-allow-origin":"*","x-requested-with":"XMLHttpRequest","user-agent":"Mozilla\/5.0 (X11; Linux x86_64) AppleWebKit\/537.36 (KHTML, like Gecko) Chrome\/133.0.0.0 Safari\/537.36","accept":"application\/json","dnt":"1","origin":"http:\/\/localhost:3000","sec-fetch-site":"same-site","sec-fetch-mode":"cors","sec-fetch-dest":"empty","referer":"http:\/\/localhost:3000\/","accept-encoding":"gzip, deflate, br, zstd","accept-language":"pt-BR,pt;q=0.9,en;q=0.8","cookie":"rl_page_init_referrer=RudderEncrypt%3AU2FsdGVkX1%2FHNkaDC%2FuAUfz4bPYmcw00eCyh%2BOLVVHQ%3D; rl_page_init_referring_domain=RudderEncrypt%3AU2FsdGVkX1%2FBenrXuaD%2BOuQnLn7zzxxcj6HF6S0fYxA%3D; language=EN; utm_data={%22utm_source%22%3A%22https%3A%2F%2Flocalhost%3A8443%2F%22}; rl_session=RudderEncrypt%3AU2FsdGVkX19%2Fm9dzuO7ApEjOjQZvr2TLIAoRwfli0Iv09Bl1QlqG0C3gge3Co%2BapkO6uGcmd%2Buofag%2Bd5kzJCMzJyZy1I8gricW%2FXvo04DYWWV7omXBHg3R9n5%2Fhaw5OUyVhtr8cp8J3HQnVNHP4EA%3D%3D; rl_user_id=RudderEncrypt%3AU2FsdGVkX19psyo89qsemfvU2M56RB6yhZZNuwv%2Fixk%3D; rl_trait=RudderEncrypt%3AU2FsdGVkX1%2F1HaOnaz1FmLw3GFEY5GZnoVVoUsc4dwE%3D; rl_group_id=RudderEncrypt%3AU2FsdGVkX1%2B9wZZ%2BPdSqFz5d2M%2F5QP7Y0Ru2VwgYyBI%3D; rl_group_trait=RudderEncrypt%3AU2FsdGVkX19SKEw5%2B3EyPkj86dEedYbCsc%2BFtfYHRTY%3D; rl_anonymous_id=RudderEncrypt%3AU2FsdGVkX19wiMgKfmCHSqYrtFjBcmGOPl9sMs9862N6uzRxV3OCnqR5GtQBT%2FKACh3VkPxnL3AwhXt4PBRR%2Bw%3D%3D; brilho-auth-token=eyJ0eXAiOiJKV1QiLCJhbGciOiJIUzI1NiJ9.eyJpc3MiOiJodHRwOi8vbG9jYWxob3N0OjgwMDAvYXBpL2F1dGgvbG9naW4iLCJpYXQiOjE3NDAwODkyMjgsImV4cCI6MTc0MDA5MjgyOCwibmJmIjoxNzQwMDg5MjI4LCJqdGkiOiJrb2ZjMzJKSG9kVzdETmh4Iiwic3ViIjoiMSIsInBydiI6IjRhYzA1YzBmOGFjMDhmMzY0Y2I0ZDAzZmI4ZTFmNjMxZmVjMzIyZTgifQ.KrGgt6NhkWsZLfAGYhZk11NRWNE2odHvrl1loi3JQuI"},"payload":{"perPage":"9999","withoutTrashed":"true"},"session":[],"response_status":401,"response":{"message":"Unauthenticated."},"duration":19,"memory":2,"hostname":"pc-do-victor"}, 2025-02-20 20:38:42, ?, request, 9e42bcc7-5062-4615-882d-207ab4fb3547)) {"exception":"[object] (Illuminate\\Database\\QueryException(code: 1045): SQLSTATE[HY000] [1045] Access denied for user 'root'@'localhost' (using password: NO) (SQL: insert into `telescope_entries` (`batch_id`, `content`, `created_at`, `family_hash`, `type`, `uuid`) values (9e42bcc7-50a5-4b02-879d-78fc80dcbc2f, {\"ip_address\":\"127.0.0.1\",\"uri\":\"\\/api\\/companies?perPage=9999&withoutTrashed=true\",\"method\":\"GET\",\"controller_action\":\"App\\\\Http\\\\Controllers\\\\Api\\\\CompanyController@index\",\"middleware\":[\"auth:api\",\"substitutes\",\"auth.gate\"],\"headers\":{\"host\":\"localhost:8000\",\"connection\":\"keep-alive\",\"sec-ch-ua-platform\":\"\\\"Linux\\\"\",\"sec-ch-ua\":\"\\\"Not(A:Brand\\\";v=\\\"99\\\", \\\"Google Chrome\\\";v=\\\"133\\\", \\\"Chromium\\\";v=\\\"133\\\"\",\"sec-ch-ua-mobile\":\"?0\",\"access-control-allow-origin\":\"*\",\"x-requested-with\":\"XMLHttpRequest\",\"user-agent\":\"Mozilla\\/5.0 (X11; Linux x86_64) AppleWebKit\\/537.36 (KHTML, like Gecko) Chrome\\/133.0.0.0 Safari\\/537.36\",\"accept\":\"application\\/json\",\"dnt\":\"1\",\"origin\":\"http:\\/\\/localhost:3000\",\"sec-fetch-site\":\"same-site\",\"sec-fetch-mode\":\"cors\",\"sec-fetch-dest\":\"empty\",\"referer\":\"http:\\/\\/localhost:3000\\/\",\"accept-encoding\":\"gzip, deflate, br, zstd\",\"accept-language\":\"pt-BR,pt;q=0.9,en;q=0.8\",\"cookie\":\"rl_page_init_referrer=RudderEncrypt%3AU2FsdGVkX1%2FHNkaDC%2FuAUfz4bPYmcw00eCyh%2BOLVVHQ%3D; rl_page_init_referring_domain=RudderEncrypt%3AU2FsdGVkX1%2FBenrXuaD%2BOuQnLn7zzxxcj6HF6S0fYxA%3D; language=EN; utm_data={%22utm_source%22%3A%22https%3A%2F%2Flocalhost%3A8443%2F%22}; rl_session=RudderEncrypt%3AU2FsdGVkX19%2Fm9dzuO7ApEjOjQZvr2TLIAoRwfli0Iv09Bl1QlqG0C3gge3Co%2BapkO6uGcmd%2Buofag%2Bd5kzJCMzJyZy1I8gricW%2FXvo04DYWWV7omXBHg3R9n5%2Fhaw5OUyVhtr8cp8J3HQnVNHP4EA%3D%3D; rl_user_id=RudderEncrypt%3AU2FsdGVkX19psyo89qsemfvU2M56RB6yhZZNuwv%2Fixk%3D; rl_trait=RudderEncrypt%3AU2FsdGVkX1%2F1HaOnaz1FmLw3GFEY5GZnoVVoUsc4dwE%3D; rl_group_id=RudderEncrypt%3AU2FsdGVkX1%2B9wZZ%2BPdSqFz5d2M%2F5QP7Y0Ru2VwgYyBI%3D; rl_group_trait=RudderEncrypt%3AU2FsdGVkX19SKEw5%2B3EyPkj86dEedYbCsc%2BFtfYHRTY%3D; rl_anonymous_id=RudderEncrypt%3AU2FsdGVkX19wiMgKfmCHSqYrtFjBcmGOPl9sMs9862N6uzRxV3OCnqR5GtQBT%2FKACh3VkPxnL3AwhXt4PBRR%2Bw%3D%3D; brilho-auth-token=eyJ0eXAiOiJKV1QiLCJhbGciOiJIUzI1NiJ9.eyJpc3MiOiJodHRwOi8vbG9jYWxob3N0OjgwMDAvYXBpL2F1dGgvbG9naW4iLCJpYXQiOjE3NDAwODkyMjgsImV4cCI6MTc0MDA5MjgyOCwibmJmIjoxNzQwMDg5MjI4LCJqdGkiOiJrb2ZjMzJKSG9kVzdETmh4Iiwic3ViIjoiMSIsInBydiI6IjRhYzA1YzBmOGFjMDhmMzY0Y2I0ZDAzZmI4ZTFmNjMxZmVjMzIyZTgifQ.KrGgt6NhkWsZLfAGYhZk11NRWNE2odHvrl1loi3JQuI\"},\"payload\":{\"perPage\":\"9999\",\"withoutTrashed\":\"true\"},\"session\":[],\"response_status\":401,\"response\":{\"message\":\"Unauthenticated.\"},\"duration\":19,\"memory\":2,\"hostname\":\"pc-do-victor\"}, 2025-02-20 20:38:42, ?, request, 9e42bcc7-5062-4615-882d-207ab4fb3547)) at /home/victor/trabalho/nipee/backend/vendor/laravel/framework/src/Illuminate/Database/Connection.php:760)
[stacktrace]
#0 /home/victor/trabalho/nipee/backend/vendor/laravel/framework/src/Illuminate/Database/Connection.php(720): Illuminate\\Database\\Connection->runQueryCallback()
#1 /home/victor/trabalho/nipee/backend/vendor/laravel/framework/src/Illuminate/Database/Connection.php(534): Illuminate\\Database\\Connection->run()
#2 /home/victor/trabalho/nipee/backend/vendor/laravel/framework/src/Illuminate/Database/Connection.php(498): Illuminate\\Database\\Connection->statement()
#3 /home/victor/trabalho/nipee/backend/vendor/laravel/framework/src/Illuminate/Database/Query/Builder.php(3272): Illuminate\\Database\\Connection->insert()
#4 /home/victor/trabalho/nipee/backend/vendor/laravel/telescope/src/Storage/DatabaseEntriesRepository.php(145): Illuminate\\Database\\Query\\Builder->insert()
#5 /home/victor/trabalho/nipee/backend/vendor/laravel/framework/src/Illuminate/Collections/Traits/EnumeratesValues.php(235): Laravel\\Telescope\\Storage\\DatabaseEntriesRepository->Laravel\\Telescope\\Storage\\{closure}()
#6 /home/victor/trabalho/nipee/backend/vendor/laravel/telescope/src/Storage/DatabaseEntriesRepository.php(144): Illuminate\\Support\\Collection->each()
#7 /home/victor/trabalho/nipee/backend/vendor/laravel/telescope/src/Telescope.php(668): Laravel\\Telescope\\Storage\\DatabaseEntriesRepository->store()
#8 [internal function]: Laravel\\Telescope\\Telescope::Laravel\\Telescope\\{closure}()
#9 /home/victor/trabalho/nipee/backend/vendor/laravel/telescope/src/Telescope.php(293): call_user_func()
#10 /home/victor/trabalho/nipee/backend/vendor/laravel/telescope/src/Telescope.php(660): Laravel\\Telescope\\Telescope::withoutRecording()
#11 /home/victor/trabalho/nipee/backend/vendor/laravel/telescope/src/ListensForStorageOpportunities.php(65): Laravel\\Telescope\\Telescope::store()
#12 /home/victor/trabalho/nipee/backend/vendor/laravel/framework/src/Illuminate/Container/BoundMethod.php(36): Laravel\\Telescope\\Telescope::Laravel\\Telescope\\{closure}()
#13 /home/victor/trabalho/nipee/backend/vendor/laravel/framework/src/Illuminate/Container/Util.php(41): Illuminate\\Container\\BoundMethod::Illuminate\\Container\\{closure}()
#14 /home/victor/trabalho/nipee/backend/vendor/laravel/framework/src/Illuminate/Container/BoundMethod.php(81): Illuminate\\Container\\Util::unwrapIfClosure()
#15 /home/victor/trabalho/nipee/backend/vendor/laravel/framework/src/Illuminate/Container/BoundMethod.php(35): Illuminate\\Container\\BoundMethod::callBoundMethod()
#16 /home/victor/trabalho/nipee/backend/vendor/laravel/framework/src/Illuminate/Container/Container.php(661): Illuminate\\Container\\BoundMethod::call()
#17 /home/victor/trabalho/nipee/backend/vendor/laravel/framework/src/Illuminate/Foundation/Application.php(1198): Illuminate\\Container\\Container->call()
#18 /home/victor/trabalho/nipee/backend/vendor/laravel/framework/src/Illuminate/Foundation/Http/Kernel.php(205): Illuminate\\Foundation\\Application->terminate()
#19 /home/victor/trabalho/nipee/backend/public/index.php(55): Illuminate\\Foundation\\Http\\Kernel->terminate()
#20 /home/victor/trabalho/nipee/backend/server.php(21): require_once('...')
#21 {main}

[previous exception] [object] (PDOException(code: 1045): SQLSTATE[HY000] [1045] Access denied for user 'root'@'localhost' (using password: NO) at /home/victor/trabalho/nipee/backend/vendor/laravel/framework/src/Illuminate/Database/Connectors/Connector.php:70)
[stacktrace]
#0 /home/victor/trabalho/nipee/backend/vendor/laravel/framework/src/Illuminate/Database/Connectors/Connector.php(70): PDO->__construct()
#1 /home/victor/trabalho/nipee/backend/vendor/laravel/framework/src/Illuminate/Database/Connectors/Connector.php(45): Illuminate\\Database\\Connectors\\Connector->createPdoConnection()
#2 /home/victor/trabalho/nipee/backend/vendor/laravel/framework/src/Illuminate/Database/Connectors/MySqlConnector.php(24): Illuminate\\Database\\Connectors\\Connector->createConnection()
#3 /home/victor/trabalho/nipee/backend/vendor/laravel/framework/src/Illuminate/Database/Connectors/ConnectionFactory.php(184): Illuminate\\Database\\Connectors\\MySqlConnector->connect()
#4 [internal function]: Illuminate\\Database\\Connectors\\ConnectionFactory->Illuminate\\Database\\Connectors\\{closure}()
#5 /home/victor/trabalho/nipee/backend/vendor/laravel/framework/src/Illuminate/Database/Connection.php(1181): call_user_func()
#6 /home/victor/trabalho/nipee/backend/vendor/laravel/framework/src/Illuminate/Database/Connection.php(539): Illuminate\\Database\\Connection->getPdo()
#7 /home/victor/trabalho/nipee/backend/vendor/laravel/framework/src/Illuminate/Database/Connection.php(753): Illuminate\\Database\\Connection->Illuminate\\Database\\{closure}()
#8 /home/victor/trabalho/nipee/backend/vendor/laravel/framework/src/Illuminate/Database/Connection.php(720): Illuminate\\Database\\Connection->runQueryCallback()
#9 /home/victor/trabalho/nipee/backend/vendor/laravel/framework/src/Illuminate/Database/Connection.php(534): Illuminate\\Database\\Connection->run()
#10 /home/victor/trabalho/nipee/backend/vendor/laravel/framework/src/Illuminate/Database/Connection.php(498): Illuminate\\Database\\Connection->statement()
#11 /home/victor/trabalho/nipee/backend/vendor/laravel/framework/src/Illuminate/Database/Query/Builder.php(3272): Illuminate\\Database\\Connection->insert()
#12 /home/victor/trabalho/nipee/backend/vendor/laravel/telescope/src/Storage/DatabaseEntriesRepository.php(145): Illuminate\\Database\\Query\\Builder->insert()
#13 /home/victor/trabalho/nipee/backend/vendor/laravel/framework/src/Illuminate/Collections/Traits/EnumeratesValues.php(235): Laravel\\Telescope\\Storage\\DatabaseEntriesRepository->Laravel\\Telescope\\Storage\\{closure}()
#14 /home/victor/trabalho/nipee/backend/vendor/laravel/telescope/src/Storage/DatabaseEntriesRepository.php(144): Illuminate\\Support\\Collection->each()
#15 /home/victor/trabalho/nipee/backend/vendor/laravel/telescope/src/Telescope.php(668): Laravel\\Telescope\\Storage\\DatabaseEntriesRepository->store()
#16 [internal function]: Laravel\\Telescope\\Telescope::Laravel\\Telescope\\{closure}()
#17 /home/victor/trabalho/nipee/backend/vendor/laravel/telescope/src/Telescope.php(293): call_user_func()
#18 /home/victor/trabalho/nipee/backend/vendor/laravel/telescope/src/Telescope.php(660): Laravel\\Telescope\\Telescope::withoutRecording()
#19 /home/victor/trabalho/nipee/backend/vendor/laravel/telescope/src/ListensForStorageOpportunities.php(65): Laravel\\Telescope\\Telescope::store()
#20 /home/victor/trabalho/nipee/backend/vendor/laravel/framework/src/Illuminate/Container/BoundMethod.php(36): Laravel\\Telescope\\Telescope::Laravel\\Telescope\\{closure}()
#21 /home/victor/trabalho/nipee/backend/vendor/laravel/framework/src/Illuminate/Container/Util.php(41): Illuminate\\Container\\BoundMethod::Illuminate\\Container\\{closure}()
#22 /home/victor/trabalho/nipee/backend/vendor/laravel/framework/src/Illuminate/Container/BoundMethod.php(81): Illuminate\\Container\\Util::unwrapIfClosure()
#23 /home/victor/trabalho/nipee/backend/vendor/laravel/framework/src/Illuminate/Container/BoundMethod.php(35): Illuminate\\Container\\BoundMethod::callBoundMethod()
#24 /home/victor/trabalho/nipee/backend/vendor/laravel/framework/src/Illuminate/Container/Container.php(661): Illuminate\\Container\\BoundMethod::call()
#25 /home/victor/trabalho/nipee/backend/vendor/laravel/framework/src/Illuminate/Foundation/Application.php(1198): Illuminate\\Container\\Container->call()
#26 /home/victor/trabalho/nipee/backend/vendor/laravel/framework/src/Illuminate/Foundation/Http/Kernel.php(205): Illuminate\\Foundation\\Application->terminate()
#27 /home/victor/trabalho/nipee/backend/public/index.php(55): Illuminate\\Foundation\\Http\\Kernel->terminate()
#28 /home/victor/trabalho/nipee/backend/server.php(21): require_once('...')
#29 {main}
"} 
[2025-02-20 20:38:42] local.ERROR: SQLSTATE[HY000] [1045] Access denied for user 'root'@'localhost' (using password: NO) (SQL: insert into `telescope_entries` (`batch_id`, `content`, `created_at`, `family_hash`, `type`, `uuid`) values (9e42bcc7-5665-4157-9638-589148a49bf9, {"ip_address":"127.0.0.1","uri":"\/api\/candidates?perPage=99999&withoutTrashed=true","method":"GET","controller_action":"App\\Http\\Controllers\\Api\\CandidateController@index","middleware":["auth:api","substitutes","auth.gate"],"headers":{"host":"localhost:8000","connection":"keep-alive","sec-ch-ua-platform":"\"Linux\"","sec-ch-ua":"\"Not(A:Brand\";v=\"99\", \"Google Chrome\";v=\"133\", \"Chromium\";v=\"133\"","sec-ch-ua-mobile":"?0","access-control-allow-origin":"*","x-requested-with":"XMLHttpRequest","user-agent":"Mozilla\/5.0 (X11; Linux x86_64) AppleWebKit\/537.36 (KHTML, like Gecko) Chrome\/133.0.0.0 Safari\/537.36","accept":"application\/json","dnt":"1","origin":"http:\/\/localhost:3000","sec-fetch-site":"same-site","sec-fetch-mode":"cors","sec-fetch-dest":"empty","referer":"http:\/\/localhost:3000\/","accept-encoding":"gzip, deflate, br, zstd","accept-language":"pt-BR,pt;q=0.9,en;q=0.8","cookie":"rl_page_init_referrer=RudderEncrypt%3AU2FsdGVkX1%2FHNkaDC%2FuAUfz4bPYmcw00eCyh%2BOLVVHQ%3D; rl_page_init_referring_domain=RudderEncrypt%3AU2FsdGVkX1%2FBenrXuaD%2BOuQnLn7zzxxcj6HF6S0fYxA%3D; language=EN; utm_data={%22utm_source%22%3A%22https%3A%2F%2Flocalhost%3A8443%2F%22}; rl_session=RudderEncrypt%3AU2FsdGVkX19%2Fm9dzuO7ApEjOjQZvr2TLIAoRwfli0Iv09Bl1QlqG0C3gge3Co%2BapkO6uGcmd%2Buofag%2Bd5kzJCMzJyZy1I8gricW%2FXvo04DYWWV7omXBHg3R9n5%2Fhaw5OUyVhtr8cp8J3HQnVNHP4EA%3D%3D; rl_user_id=RudderEncrypt%3AU2FsdGVkX19psyo89qsemfvU2M56RB6yhZZNuwv%2Fixk%3D; rl_trait=RudderEncrypt%3AU2FsdGVkX1%2F1HaOnaz1FmLw3GFEY5GZnoVVoUsc4dwE%3D; rl_group_id=RudderEncrypt%3AU2FsdGVkX1%2B9wZZ%2BPdSqFz5d2M%2F5QP7Y0Ru2VwgYyBI%3D; rl_group_trait=RudderEncrypt%3AU2FsdGVkX19SKEw5%2B3EyPkj86dEedYbCsc%2BFtfYHRTY%3D; rl_anonymous_id=RudderEncrypt%3AU2FsdGVkX19wiMgKfmCHSqYrtFjBcmGOPl9sMs9862N6uzRxV3OCnqR5GtQBT%2FKACh3VkPxnL3AwhXt4PBRR%2Bw%3D%3D; brilho-auth-token=eyJ0eXAiOiJKV1QiLCJhbGciOiJIUzI1NiJ9.eyJpc3MiOiJodHRwOi8vbG9jYWxob3N0OjgwMDAvYXBpL2F1dGgvbG9naW4iLCJpYXQiOjE3NDAwODkyMjgsImV4cCI6MTc0MDA5MjgyOCwibmJmIjoxNzQwMDg5MjI4LCJqdGkiOiJrb2ZjMzJKSG9kVzdETmh4Iiwic3ViIjoiMSIsInBydiI6IjRhYzA1YzBmOGFjMDhmMzY0Y2I0ZDAzZmI4ZTFmNjMxZmVjMzIyZTgifQ.KrGgt6NhkWsZLfAGYhZk11NRWNE2odHvrl1loi3JQuI"},"payload":{"perPage":"99999","withoutTrashed":"true"},"session":[],"response_status":401,"response":{"message":"Unauthenticated."},"duration":10,"memory":2,"hostname":"pc-do-victor"}, 2025-02-20 20:38:42, ?, request, 9e42bcc7-561c-4dab-8545-eee7b7204e2a)) {"exception":"[object] (Illuminate\\Database\\QueryException(code: 1045): SQLSTATE[HY000] [1045] Access denied for user 'root'@'localhost' (using password: NO) (SQL: insert into `telescope_entries` (`batch_id`, `content`, `created_at`, `family_hash`, `type`, `uuid`) values (9e42bcc7-5665-4157-9638-589148a49bf9, {\"ip_address\":\"127.0.0.1\",\"uri\":\"\\/api\\/candidates?perPage=99999&withoutTrashed=true\",\"method\":\"GET\",\"controller_action\":\"App\\\\Http\\\\Controllers\\\\Api\\\\CandidateController@index\",\"middleware\":[\"auth:api\",\"substitutes\",\"auth.gate\"],\"headers\":{\"host\":\"localhost:8000\",\"connection\":\"keep-alive\",\"sec-ch-ua-platform\":\"\\\"Linux\\\"\",\"sec-ch-ua\":\"\\\"Not(A:Brand\\\";v=\\\"99\\\", \\\"Google Chrome\\\";v=\\\"133\\\", \\\"Chromium\\\";v=\\\"133\\\"\",\"sec-ch-ua-mobile\":\"?0\",\"access-control-allow-origin\":\"*\",\"x-requested-with\":\"XMLHttpRequest\",\"user-agent\":\"Mozilla\\/5.0 (X11; Linux x86_64) AppleWebKit\\/537.36 (KHTML, like Gecko) Chrome\\/133.0.0.0 Safari\\/537.36\",\"accept\":\"application\\/json\",\"dnt\":\"1\",\"origin\":\"http:\\/\\/localhost:3000\",\"sec-fetch-site\":\"same-site\",\"sec-fetch-mode\":\"cors\",\"sec-fetch-dest\":\"empty\",\"referer\":\"http:\\/\\/localhost:3000\\/\",\"accept-encoding\":\"gzip, deflate, br, zstd\",\"accept-language\":\"pt-BR,pt;q=0.9,en;q=0.8\",\"cookie\":\"rl_page_init_referrer=RudderEncrypt%3AU2FsdGVkX1%2FHNkaDC%2FuAUfz4bPYmcw00eCyh%2BOLVVHQ%3D; rl_page_init_referring_domain=RudderEncrypt%3AU2FsdGVkX1%2FBenrXuaD%2BOuQnLn7zzxxcj6HF6S0fYxA%3D; language=EN; utm_data={%22utm_source%22%3A%22https%3A%2F%2Flocalhost%3A8443%2F%22}; rl_session=RudderEncrypt%3AU2FsdGVkX19%2Fm9dzuO7ApEjOjQZvr2TLIAoRwfli0Iv09Bl1QlqG0C3gge3Co%2BapkO6uGcmd%2Buofag%2Bd5kzJCMzJyZy1I8gricW%2FXvo04DYWWV7omXBHg3R9n5%2Fhaw5OUyVhtr8cp8J3HQnVNHP4EA%3D%3D; rl_user_id=RudderEncrypt%3AU2FsdGVkX19psyo89qsemfvU2M56RB6yhZZNuwv%2Fixk%3D; rl_trait=RudderEncrypt%3AU2FsdGVkX1%2F1HaOnaz1FmLw3GFEY5GZnoVVoUsc4dwE%3D; rl_group_id=RudderEncrypt%3AU2FsdGVkX1%2B9wZZ%2BPdSqFz5d2M%2F5QP7Y0Ru2VwgYyBI%3D; rl_group_trait=RudderEncrypt%3AU2FsdGVkX19SKEw5%2B3EyPkj86dEedYbCsc%2BFtfYHRTY%3D; rl_anonymous_id=RudderEncrypt%3AU2FsdGVkX19wiMgKfmCHSqYrtFjBcmGOPl9sMs9862N6uzRxV3OCnqR5GtQBT%2FKACh3VkPxnL3AwhXt4PBRR%2Bw%3D%3D; brilho-auth-token=eyJ0eXAiOiJKV1QiLCJhbGciOiJIUzI1NiJ9.eyJpc3MiOiJodHRwOi8vbG9jYWxob3N0OjgwMDAvYXBpL2F1dGgvbG9naW4iLCJpYXQiOjE3NDAwODkyMjgsImV4cCI6MTc0MDA5MjgyOCwibmJmIjoxNzQwMDg5MjI4LCJqdGkiOiJrb2ZjMzJKSG9kVzdETmh4Iiwic3ViIjoiMSIsInBydiI6IjRhYzA1YzBmOGFjMDhmMzY0Y2I0ZDAzZmI4ZTFmNjMxZmVjMzIyZTgifQ.KrGgt6NhkWsZLfAGYhZk11NRWNE2odHvrl1loi3JQuI\"},\"payload\":{\"perPage\":\"99999\",\"withoutTrashed\":\"true\"},\"session\":[],\"response_status\":401,\"response\":{\"message\":\"Unauthenticated.\"},\"duration\":10,\"memory\":2,\"hostname\":\"pc-do-victor\"}, 2025-02-20 20:38:42, ?, request, 9e42bcc7-561c-4dab-8545-eee7b7204e2a)) at /home/victor/trabalho/nipee/backend/vendor/laravel/framework/src/Illuminate/Database/Connection.php:760)
[stacktrace]
#0 /home/victor/trabalho/nipee/backend/vendor/laravel/framework/src/Illuminate/Database/Connection.php(720): Illuminate\\Database\\Connection->runQueryCallback()
#1 /home/victor/trabalho/nipee/backend/vendor/laravel/framework/src/Illuminate/Database/Connection.php(534): Illuminate\\Database\\Connection->run()
#2 /home/victor/trabalho/nipee/backend/vendor/laravel/framework/src/Illuminate/Database/Connection.php(498): Illuminate\\Database\\Connection->statement()
#3 /home/victor/trabalho/nipee/backend/vendor/laravel/framework/src/Illuminate/Database/Query/Builder.php(3272): Illuminate\\Database\\Connection->insert()
#4 /home/victor/trabalho/nipee/backend/vendor/laravel/telescope/src/Storage/DatabaseEntriesRepository.php(145): Illuminate\\Database\\Query\\Builder->insert()
#5 /home/victor/trabalho/nipee/backend/vendor/laravel/framework/src/Illuminate/Collections/Traits/EnumeratesValues.php(235): Laravel\\Telescope\\Storage\\DatabaseEntriesRepository->Laravel\\Telescope\\Storage\\{closure}()
#6 /home/victor/trabalho/nipee/backend/vendor/laravel/telescope/src/Storage/DatabaseEntriesRepository.php(144): Illuminate\\Support\\Collection->each()
#7 /home/victor/trabalho/nipee/backend/vendor/laravel/telescope/src/Telescope.php(668): Laravel\\Telescope\\Storage\\DatabaseEntriesRepository->store()
#8 [internal function]: Laravel\\Telescope\\Telescope::Laravel\\Telescope\\{closure}()
#9 /home/victor/trabalho/nipee/backend/vendor/laravel/telescope/src/Telescope.php(293): call_user_func()
#10 /home/victor/trabalho/nipee/backend/vendor/laravel/telescope/src/Telescope.php(660): Laravel\\Telescope\\Telescope::withoutRecording()
#11 /home/victor/trabalho/nipee/backend/vendor/laravel/telescope/src/ListensForStorageOpportunities.php(65): Laravel\\Telescope\\Telescope::store()
#12 /home/victor/trabalho/nipee/backend/vendor/laravel/framework/src/Illuminate/Container/BoundMethod.php(36): Laravel\\Telescope\\Telescope::Laravel\\Telescope\\{closure}()
#13 /home/victor/trabalho/nipee/backend/vendor/laravel/framework/src/Illuminate/Container/Util.php(41): Illuminate\\Container\\BoundMethod::Illuminate\\Container\\{closure}()
#14 /home/victor/trabalho/nipee/backend/vendor/laravel/framework/src/Illuminate/Container/BoundMethod.php(81): Illuminate\\Container\\Util::unwrapIfClosure()
#15 /home/victor/trabalho/nipee/backend/vendor/laravel/framework/src/Illuminate/Container/BoundMethod.php(35): Illuminate\\Container\\BoundMethod::callBoundMethod()
#16 /home/victor/trabalho/nipee/backend/vendor/laravel/framework/src/Illuminate/Container/Container.php(661): Illuminate\\Container\\BoundMethod::call()
#17 /home/victor/trabalho/nipee/backend/vendor/laravel/framework/src/Illuminate/Foundation/Application.php(1198): Illuminate\\Container\\Container->call()
#18 /home/victor/trabalho/nipee/backend/vendor/laravel/framework/src/Illuminate/Foundation/Http/Kernel.php(205): Illuminate\\Foundation\\Application->terminate()
#19 /home/victor/trabalho/nipee/backend/public/index.php(55): Illuminate\\Foundation\\Http\\Kernel->terminate()
#20 /home/victor/trabalho/nipee/backend/server.php(21): require_once('...')
#21 {main}

[previous exception] [object] (PDOException(code: 1045): SQLSTATE[HY000] [1045] Access denied for user 'root'@'localhost' (using password: NO) at /home/victor/trabalho/nipee/backend/vendor/laravel/framework/src/Illuminate/Database/Connectors/Connector.php:70)
[stacktrace]
#0 /home/victor/trabalho/nipee/backend/vendor/laravel/framework/src/Illuminate/Database/Connectors/Connector.php(70): PDO->__construct()
#1 /home/victor/trabalho/nipee/backend/vendor/laravel/framework/src/Illuminate/Database/Connectors/Connector.php(45): Illuminate\\Database\\Connectors\\Connector->createPdoConnection()
#2 /home/victor/trabalho/nipee/backend/vendor/laravel/framework/src/Illuminate/Database/Connectors/MySqlConnector.php(24): Illuminate\\Database\\Connectors\\Connector->createConnection()
#3 /home/victor/trabalho/nipee/backend/vendor/laravel/framework/src/Illuminate/Database/Connectors/ConnectionFactory.php(184): Illuminate\\Database\\Connectors\\MySqlConnector->connect()
#4 [internal function]: Illuminate\\Database\\Connectors\\ConnectionFactory->Illuminate\\Database\\Connectors\\{closure}()
#5 /home/victor/trabalho/nipee/backend/vendor/laravel/framework/src/Illuminate/Database/Connection.php(1181): call_user_func()
#6 /home/victor/trabalho/nipee/backend/vendor/laravel/framework/src/Illuminate/Database/Connection.php(539): Illuminate\\Database\\Connection->getPdo()
#7 /home/victor/trabalho/nipee/backend/vendor/laravel/framework/src/Illuminate/Database/Connection.php(753): Illuminate\\Database\\Connection->Illuminate\\Database\\{closure}()
#8 /home/victor/trabalho/nipee/backend/vendor/laravel/framework/src/Illuminate/Database/Connection.php(720): Illuminate\\Database\\Connection->runQueryCallback()
#9 /home/victor/trabalho/nipee/backend/vendor/laravel/framework/src/Illuminate/Database/Connection.php(534): Illuminate\\Database\\Connection->run()
#10 /home/victor/trabalho/nipee/backend/vendor/laravel/framework/src/Illuminate/Database/Connection.php(498): Illuminate\\Database\\Connection->statement()
#11 /home/victor/trabalho/nipee/backend/vendor/laravel/framework/src/Illuminate/Database/Query/Builder.php(3272): Illuminate\\Database\\Connection->insert()
#12 /home/victor/trabalho/nipee/backend/vendor/laravel/telescope/src/Storage/DatabaseEntriesRepository.php(145): Illuminate\\Database\\Query\\Builder->insert()
#13 /home/victor/trabalho/nipee/backend/vendor/laravel/framework/src/Illuminate/Collections/Traits/EnumeratesValues.php(235): Laravel\\Telescope\\Storage\\DatabaseEntriesRepository->Laravel\\Telescope\\Storage\\{closure}()
#14 /home/victor/trabalho/nipee/backend/vendor/laravel/telescope/src/Storage/DatabaseEntriesRepository.php(144): Illuminate\\Support\\Collection->each()
#15 /home/victor/trabalho/nipee/backend/vendor/laravel/telescope/src/Telescope.php(668): Laravel\\Telescope\\Storage\\DatabaseEntriesRepository->store()
#16 [internal function]: Laravel\\Telescope\\Telescope::Laravel\\Telescope\\{closure}()
#17 /home/victor/trabalho/nipee/backend/vendor/laravel/telescope/src/Telescope.php(293): call_user_func()
#18 /home/victor/trabalho/nipee/backend/vendor/laravel/telescope/src/Telescope.php(660): Laravel\\Telescope\\Telescope::withoutRecording()
#19 /home/victor/trabalho/nipee/backend/vendor/laravel/telescope/src/ListensForStorageOpportunities.php(65): Laravel\\Telescope\\Telescope::store()
#20 /home/victor/trabalho/nipee/backend/vendor/laravel/framework/src/Illuminate/Container/BoundMethod.php(36): Laravel\\Telescope\\Telescope::Laravel\\Telescope\\{closure}()
#21 /home/victor/trabalho/nipee/backend/vendor/laravel/framework/src/Illuminate/Container/Util.php(41): Illuminate\\Container\\BoundMethod::Illuminate\\Container\\{closure}()
#22 /home/victor/trabalho/nipee/backend/vendor/laravel/framework/src/Illuminate/Container/BoundMethod.php(81): Illuminate\\Container\\Util::unwrapIfClosure()
#23 /home/victor/trabalho/nipee/backend/vendor/laravel/framework/src/Illuminate/Container/BoundMethod.php(35): Illuminate\\Container\\BoundMethod::callBoundMethod()
#24 /home/victor/trabalho/nipee/backend/vendor/laravel/framework/src/Illuminate/Container/Container.php(661): Illuminate\\Container\\BoundMethod::call()
#25 /home/victor/trabalho/nipee/backend/vendor/laravel/framework/src/Illuminate/Foundation/Application.php(1198): Illuminate\\Container\\Container->call()
#26 /home/victor/trabalho/nipee/backend/vendor/laravel/framework/src/Illuminate/Foundation/Http/Kernel.php(205): Illuminate\\Foundation\\Application->terminate()
#27 /home/victor/trabalho/nipee/backend/public/index.php(55): Illuminate\\Foundation\\Http\\Kernel->terminate()
#28 /home/victor/trabalho/nipee/backend/server.php(21): require_once('...')
#29 {main}
"} 
[2025-02-20 20:38:42] local.ERROR: SQLSTATE[HY000] [1045] Access denied for user 'root'@'localhost' (using password: NO) (SQL: insert into `telescope_entries` (`batch_id`, `content`, `created_at`, `family_hash`, `type`, `uuid`) values (9e42bcc7-5cba-4d1f-a393-e1fc7573a245, {"ip_address":"127.0.0.1","uri":"\/api\/base-records?perPage=9999&type=6&withoutTrashed=true","method":"GET","controller_action":"App\\Http\\Controllers\\Api\\Shared\\BaseRecordsController@index","middleware":["auth:api","substitutes","auth.gate"],"headers":{"host":"localhost:8000","connection":"keep-alive","sec-ch-ua-platform":"\"Linux\"","sec-ch-ua":"\"Not(A:Brand\";v=\"99\", \"Google Chrome\";v=\"133\", \"Chromium\";v=\"133\"","sec-ch-ua-mobile":"?0","access-control-allow-origin":"*","x-requested-with":"XMLHttpRequest","user-agent":"Mozilla\/5.0 (X11; Linux x86_64) AppleWebKit\/537.36 (KHTML, like Gecko) Chrome\/133.0.0.0 Safari\/537.36","accept":"application\/json","dnt":"1","origin":"http:\/\/localhost:3000","sec-fetch-site":"same-site","sec-fetch-mode":"cors","sec-fetch-dest":"empty","referer":"http:\/\/localhost:3000\/","accept-encoding":"gzip, deflate, br, zstd","accept-language":"pt-BR,pt;q=0.9,en;q=0.8","cookie":"rl_page_init_referrer=RudderEncrypt%3AU2FsdGVkX1%2FHNkaDC%2FuAUfz4bPYmcw00eCyh%2BOLVVHQ%3D; rl_page_init_referring_domain=RudderEncrypt%3AU2FsdGVkX1%2FBenrXuaD%2BOuQnLn7zzxxcj6HF6S0fYxA%3D; language=EN; utm_data={%22utm_source%22%3A%22https%3A%2F%2Flocalhost%3A8443%2F%22}; rl_session=RudderEncrypt%3AU2FsdGVkX19%2Fm9dzuO7ApEjOjQZvr2TLIAoRwfli0Iv09Bl1QlqG0C3gge3Co%2BapkO6uGcmd%2Buofag%2Bd5kzJCMzJyZy1I8gricW%2FXvo04DYWWV7omXBHg3R9n5%2Fhaw5OUyVhtr8cp8J3HQnVNHP4EA%3D%3D; rl_user_id=RudderEncrypt%3AU2FsdGVkX19psyo89qsemfvU2M56RB6yhZZNuwv%2Fixk%3D; rl_trait=RudderEncrypt%3AU2FsdGVkX1%2F1HaOnaz1FmLw3GFEY5GZnoVVoUsc4dwE%3D; rl_group_id=RudderEncrypt%3AU2FsdGVkX1%2B9wZZ%2BPdSqFz5d2M%2F5QP7Y0Ru2VwgYyBI%3D; rl_group_trait=RudderEncrypt%3AU2FsdGVkX19SKEw5%2B3EyPkj86dEedYbCsc%2BFtfYHRTY%3D; rl_anonymous_id=RudderEncrypt%3AU2FsdGVkX19wiMgKfmCHSqYrtFjBcmGOPl9sMs9862N6uzRxV3OCnqR5GtQBT%2FKACh3VkPxnL3AwhXt4PBRR%2Bw%3D%3D; brilho-auth-token=eyJ0eXAiOiJKV1QiLCJhbGciOiJIUzI1NiJ9.eyJpc3MiOiJodHRwOi8vbG9jYWxob3N0OjgwMDAvYXBpL2F1dGgvbG9naW4iLCJpYXQiOjE3NDAwODkyMjgsImV4cCI6MTc0MDA5MjgyOCwibmJmIjoxNzQwMDg5MjI4LCJqdGkiOiJrb2ZjMzJKSG9kVzdETmh4Iiwic3ViIjoiMSIsInBydiI6IjRhYzA1YzBmOGFjMDhmMzY0Y2I0ZDAzZmI4ZTFmNjMxZmVjMzIyZTgifQ.KrGgt6NhkWsZLfAGYhZk11NRWNE2odHvrl1loi3JQuI"},"payload":{"type":"6","perPage":"9999","withoutTrashed":"true"},"session":[],"response_status":401,"response":{"message":"Unauthenticated."},"duration":11,"memory":2,"hostname":"pc-do-victor"}, 2025-02-20 20:38:42, ?, request, 9e42bcc7-5c25-4ba0-9dad-b9e775720ff6)) {"exception":"[object] (Illuminate\\Database\\QueryException(code: 1045): SQLSTATE[HY000] [1045] Access denied for user 'root'@'localhost' (using password: NO) (SQL: insert into `telescope_entries` (`batch_id`, `content`, `created_at`, `family_hash`, `type`, `uuid`) values (9e42bcc7-5cba-4d1f-a393-e1fc7573a245, {\"ip_address\":\"127.0.0.1\",\"uri\":\"\\/api\\/base-records?perPage=9999&type=6&withoutTrashed=true\",\"method\":\"GET\",\"controller_action\":\"App\\\\Http\\\\Controllers\\\\Api\\\\Shared\\\\BaseRecordsController@index\",\"middleware\":[\"auth:api\",\"substitutes\",\"auth.gate\"],\"headers\":{\"host\":\"localhost:8000\",\"connection\":\"keep-alive\",\"sec-ch-ua-platform\":\"\\\"Linux\\\"\",\"sec-ch-ua\":\"\\\"Not(A:Brand\\\";v=\\\"99\\\", \\\"Google Chrome\\\";v=\\\"133\\\", \\\"Chromium\\\";v=\\\"133\\\"\",\"sec-ch-ua-mobile\":\"?0\",\"access-control-allow-origin\":\"*\",\"x-requested-with\":\"XMLHttpRequest\",\"user-agent\":\"Mozilla\\/5.0 (X11; Linux x86_64) AppleWebKit\\/537.36 (KHTML, like Gecko) Chrome\\/133.0.0.0 Safari\\/537.36\",\"accept\":\"application\\/json\",\"dnt\":\"1\",\"origin\":\"http:\\/\\/localhost:3000\",\"sec-fetch-site\":\"same-site\",\"sec-fetch-mode\":\"cors\",\"sec-fetch-dest\":\"empty\",\"referer\":\"http:\\/\\/localhost:3000\\/\",\"accept-encoding\":\"gzip, deflate, br, zstd\",\"accept-language\":\"pt-BR,pt;q=0.9,en;q=0.8\",\"cookie\":\"rl_page_init_referrer=RudderEncrypt%3AU2FsdGVkX1%2FHNkaDC%2FuAUfz4bPYmcw00eCyh%2BOLVVHQ%3D; rl_page_init_referring_domain=RudderEncrypt%3AU2FsdGVkX1%2FBenrXuaD%2BOuQnLn7zzxxcj6HF6S0fYxA%3D; language=EN; utm_data={%22utm_source%22%3A%22https%3A%2F%2Flocalhost%3A8443%2F%22}; rl_session=RudderEncrypt%3AU2FsdGVkX19%2Fm9dzuO7ApEjOjQZvr2TLIAoRwfli0Iv09Bl1QlqG0C3gge3Co%2BapkO6uGcmd%2Buofag%2Bd5kzJCMzJyZy1I8gricW%2FXvo04DYWWV7omXBHg3R9n5%2Fhaw5OUyVhtr8cp8J3HQnVNHP4EA%3D%3D; rl_user_id=RudderEncrypt%3AU2FsdGVkX19psyo89qsemfvU2M56RB6yhZZNuwv%2Fixk%3D; rl_trait=RudderEncrypt%3AU2FsdGVkX1%2F1HaOnaz1FmLw3GFEY5GZnoVVoUsc4dwE%3D; rl_group_id=RudderEncrypt%3AU2FsdGVkX1%2B9wZZ%2BPdSqFz5d2M%2F5QP7Y0Ru2VwgYyBI%3D; rl_group_trait=RudderEncrypt%3AU2FsdGVkX19SKEw5%2B3EyPkj86dEedYbCsc%2BFtfYHRTY%3D; rl_anonymous_id=RudderEncrypt%3AU2FsdGVkX19wiMgKfmCHSqYrtFjBcmGOPl9sMs9862N6uzRxV3OCnqR5GtQBT%2FKACh3VkPxnL3AwhXt4PBRR%2Bw%3D%3D; brilho-auth-token=eyJ0eXAiOiJKV1QiLCJhbGciOiJIUzI1NiJ9.eyJpc3MiOiJodHRwOi8vbG9jYWxob3N0OjgwMDAvYXBpL2F1dGgvbG9naW4iLCJpYXQiOjE3NDAwODkyMjgsImV4cCI6MTc0MDA5MjgyOCwibmJmIjoxNzQwMDg5MjI4LCJqdGkiOiJrb2ZjMzJKSG9kVzdETmh4Iiwic3ViIjoiMSIsInBydiI6IjRhYzA1YzBmOGFjMDhmMzY0Y2I0ZDAzZmI4ZTFmNjMxZmVjMzIyZTgifQ.KrGgt6NhkWsZLfAGYhZk11NRWNE2odHvrl1loi3JQuI\"},\"payload\":{\"type\":\"6\",\"perPage\":\"9999\",\"withoutTrashed\":\"true\"},\"session\":[],\"response_status\":401,\"response\":{\"message\":\"Unauthenticated.\"},\"duration\":11,\"memory\":2,\"hostname\":\"pc-do-victor\"}, 2025-02-20 20:38:42, ?, request, 9e42bcc7-5c25-4ba0-9dad-b9e775720ff6)) at /home/victor/trabalho/nipee/backend/vendor/laravel/framework/src/Illuminate/Database/Connection.php:760)
[stacktrace]
#0 /home/victor/trabalho/nipee/backend/vendor/laravel/framework/src/Illuminate/Database/Connection.php(720): Illuminate\\Database\\Connection->runQueryCallback()
#1 /home/victor/trabalho/nipee/backend/vendor/laravel/framework/src/Illuminate/Database/Connection.php(534): Illuminate\\Database\\Connection->run()
#2 /home/victor/trabalho/nipee/backend/vendor/laravel/framework/src/Illuminate/Database/Connection.php(498): Illuminate\\Database\\Connection->statement()
#3 /home/victor/trabalho/nipee/backend/vendor/laravel/framework/src/Illuminate/Database/Query/Builder.php(3272): Illuminate\\Database\\Connection->insert()
#4 /home/victor/trabalho/nipee/backend/vendor/laravel/telescope/src/Storage/DatabaseEntriesRepository.php(145): Illuminate\\Database\\Query\\Builder->insert()
#5 /home/victor/trabalho/nipee/backend/vendor/laravel/framework/src/Illuminate/Collections/Traits/EnumeratesValues.php(235): Laravel\\Telescope\\Storage\\DatabaseEntriesRepository->Laravel\\Telescope\\Storage\\{closure}()
#6 /home/victor/trabalho/nipee/backend/vendor/laravel/telescope/src/Storage/DatabaseEntriesRepository.php(144): Illuminate\\Support\\Collection->each()
#7 /home/victor/trabalho/nipee/backend/vendor/laravel/telescope/src/Telescope.php(668): Laravel\\Telescope\\Storage\\DatabaseEntriesRepository->store()
#8 [internal function]: Laravel\\Telescope\\Telescope::Laravel\\Telescope\\{closure}()
#9 /home/victor/trabalho/nipee/backend/vendor/laravel/telescope/src/Telescope.php(293): call_user_func()
#10 /home/victor/trabalho/nipee/backend/vendor/laravel/telescope/src/Telescope.php(660): Laravel\\Telescope\\Telescope::withoutRecording()
#11 /home/victor/trabalho/nipee/backend/vendor/laravel/telescope/src/ListensForStorageOpportunities.php(65): Laravel\\Telescope\\Telescope::store()
#12 /home/victor/trabalho/nipee/backend/vendor/laravel/framework/src/Illuminate/Container/BoundMethod.php(36): Laravel\\Telescope\\Telescope::Laravel\\Telescope\\{closure}()
#13 /home/victor/trabalho/nipee/backend/vendor/laravel/framework/src/Illuminate/Container/Util.php(41): Illuminate\\Container\\BoundMethod::Illuminate\\Container\\{closure}()
#14 /home/victor/trabalho/nipee/backend/vendor/laravel/framework/src/Illuminate/Container/BoundMethod.php(81): Illuminate\\Container\\Util::unwrapIfClosure()
#15 /home/victor/trabalho/nipee/backend/vendor/laravel/framework/src/Illuminate/Container/BoundMethod.php(35): Illuminate\\Container\\BoundMethod::callBoundMethod()
#16 /home/victor/trabalho/nipee/backend/vendor/laravel/framework/src/Illuminate/Container/Container.php(661): Illuminate\\Container\\BoundMethod::call()
#17 /home/victor/trabalho/nipee/backend/vendor/laravel/framework/src/Illuminate/Foundation/Application.php(1198): Illuminate\\Container\\Container->call()
#18 /home/victor/trabalho/nipee/backend/vendor/laravel/framework/src/Illuminate/Foundation/Http/Kernel.php(205): Illuminate\\Foundation\\Application->terminate()
#19 /home/victor/trabalho/nipee/backend/public/index.php(55): Illuminate\\Foundation\\Http\\Kernel->terminate()
#20 /home/victor/trabalho/nipee/backend/server.php(21): require_once('...')
#21 {main}

[previous exception] [object] (PDOException(code: 1045): SQLSTATE[HY000] [1045] Access denied for user 'root'@'localhost' (using password: NO) at /home/victor/trabalho/nipee/backend/vendor/laravel/framework/src/Illuminate/Database/Connectors/Connector.php:70)
[stacktrace]
#0 /home/victor/trabalho/nipee/backend/vendor/laravel/framework/src/Illuminate/Database/Connectors/Connector.php(70): PDO->__construct()
#1 /home/victor/trabalho/nipee/backend/vendor/laravel/framework/src/Illuminate/Database/Connectors/Connector.php(45): Illuminate\\Database\\Connectors\\Connector->createPdoConnection()
#2 /home/victor/trabalho/nipee/backend/vendor/laravel/framework/src/Illuminate/Database/Connectors/MySqlConnector.php(24): Illuminate\\Database\\Connectors\\Connector->createConnection()
#3 /home/victor/trabalho/nipee/backend/vendor/laravel/framework/src/Illuminate/Database/Connectors/ConnectionFactory.php(184): Illuminate\\Database\\Connectors\\MySqlConnector->connect()
#4 [internal function]: Illuminate\\Database\\Connectors\\ConnectionFactory->Illuminate\\Database\\Connectors\\{closure}()
#5 /home/victor/trabalho/nipee/backend/vendor/laravel/framework/src/Illuminate/Database/Connection.php(1181): call_user_func()
#6 /home/victor/trabalho/nipee/backend/vendor/laravel/framework/src/Illuminate/Database/Connection.php(539): Illuminate\\Database\\Connection->getPdo()
#7 /home/victor/trabalho/nipee/backend/vendor/laravel/framework/src/Illuminate/Database/Connection.php(753): Illuminate\\Database\\Connection->Illuminate\\Database\\{closure}()
#8 /home/victor/trabalho/nipee/backend/vendor/laravel/framework/src/Illuminate/Database/Connection.php(720): Illuminate\\Database\\Connection->runQueryCallback()
#9 /home/victor/trabalho/nipee/backend/vendor/laravel/framework/src/Illuminate/Database/Connection.php(534): Illuminate\\Database\\Connection->run()
#10 /home/victor/trabalho/nipee/backend/vendor/laravel/framework/src/Illuminate/Database/Connection.php(498): Illuminate\\Database\\Connection->statement()
#11 /home/victor/trabalho/nipee/backend/vendor/laravel/framework/src/Illuminate/Database/Query/Builder.php(3272): Illuminate\\Database\\Connection->insert()
#12 /home/victor/trabalho/nipee/backend/vendor/laravel/telescope/src/Storage/DatabaseEntriesRepository.php(145): Illuminate\\Database\\Query\\Builder->insert()
#13 /home/victor/trabalho/nipee/backend/vendor/laravel/framework/src/Illuminate/Collections/Traits/EnumeratesValues.php(235): Laravel\\Telescope\\Storage\\DatabaseEntriesRepository->Laravel\\Telescope\\Storage\\{closure}()
#14 /home/victor/trabalho/nipee/backend/vendor/laravel/telescope/src/Storage/DatabaseEntriesRepository.php(144): Illuminate\\Support\\Collection->each()
#15 /home/victor/trabalho/nipee/backend/vendor/laravel/telescope/src/Telescope.php(668): Laravel\\Telescope\\Storage\\DatabaseEntriesRepository->store()
#16 [internal function]: Laravel\\Telescope\\Telescope::Laravel\\Telescope\\{closure}()
#17 /home/victor/trabalho/nipee/backend/vendor/laravel/telescope/src/Telescope.php(293): call_user_func()
#18 /home/victor/trabalho/nipee/backend/vendor/laravel/telescope/src/Telescope.php(660): Laravel\\Telescope\\Telescope::withoutRecording()
#19 /home/victor/trabalho/nipee/backend/vendor/laravel/telescope/src/ListensForStorageOpportunities.php(65): Laravel\\Telescope\\Telescope::store()
#20 /home/victor/trabalho/nipee/backend/vendor/laravel/framework/src/Illuminate/Container/BoundMethod.php(36): Laravel\\Telescope\\Telescope::Laravel\\Telescope\\{closure}()
#21 /home/victor/trabalho/nipee/backend/vendor/laravel/framework/src/Illuminate/Container/Util.php(41): Illuminate\\Container\\BoundMethod::Illuminate\\Container\\{closure}()
#22 /home/victor/trabalho/nipee/backend/vendor/laravel/framework/src/Illuminate/Container/BoundMethod.php(81): Illuminate\\Container\\Util::unwrapIfClosure()
#23 /home/victor/trabalho/nipee/backend/vendor/laravel/framework/src/Illuminate/Container/BoundMethod.php(35): Illuminate\\Container\\BoundMethod::callBoundMethod()
#24 /home/victor/trabalho/nipee/backend/vendor/laravel/framework/src/Illuminate/Container/Container.php(661): Illuminate\\Container\\BoundMethod::call()
#25 /home/victor/trabalho/nipee/backend/vendor/laravel/framework/src/Illuminate/Foundation/Application.php(1198): Illuminate\\Container\\Container->call()
#26 /home/victor/trabalho/nipee/backend/vendor/laravel/framework/src/Illuminate/Foundation/Http/Kernel.php(205): Illuminate\\Foundation\\Application->terminate()
#27 /home/victor/trabalho/nipee/backend/public/index.php(55): Illuminate\\Foundation\\Http\\Kernel->terminate()
#28 /home/victor/trabalho/nipee/backend/server.php(21): require_once('...')
#29 {main}
"} 
[2025-02-20 20:38:42] local.ERROR: SQLSTATE[HY000] [1045] Access denied for user 'root'@'localhost' (using password: NO) (SQL: insert into `telescope_entries` (`batch_id`, `content`, `created_at`, `family_hash`, `type`, `uuid`) values (9e42bcc7-68e5-4f73-9f70-3bc4bf1448f0, {"ip_address":"127.0.0.1","uri":"\/api\/ping","method":"GET","controller_action":"Closure","middleware":["auth:api","substitutes","auth.gate"],"headers":{"host":"localhost:8000","connection":"keep-alive","sec-ch-ua-platform":"\"Linux\"","sec-ch-ua":"\"Not(A:Brand\";v=\"99\", \"Google Chrome\";v=\"133\", \"Chromium\";v=\"133\"","sec-ch-ua-mobile":"?0","access-control-allow-origin":"*","x-requested-with":"XMLHttpRequest","user-agent":"Mozilla\/5.0 (X11; Linux x86_64) AppleWebKit\/537.36 (KHTML, like Gecko) Chrome\/133.0.0.0 Safari\/537.36","accept":"application\/json","dnt":"1","origin":"http:\/\/localhost:3000","sec-fetch-site":"same-site","sec-fetch-mode":"cors","sec-fetch-dest":"empty","referer":"http:\/\/localhost:3000\/","accept-encoding":"gzip, deflate, br, zstd","accept-language":"pt-BR,pt;q=0.9,en;q=0.8","cookie":"rl_page_init_referrer=RudderEncrypt%3AU2FsdGVkX1%2FHNkaDC%2FuAUfz4bPYmcw00eCyh%2BOLVVHQ%3D; rl_page_init_referring_domain=RudderEncrypt%3AU2FsdGVkX1%2FBenrXuaD%2BOuQnLn7zzxxcj6HF6S0fYxA%3D; language=EN; utm_data={%22utm_source%22%3A%22https%3A%2F%2Flocalhost%3A8443%2F%22}; rl_session=RudderEncrypt%3AU2FsdGVkX19%2Fm9dzuO7ApEjOjQZvr2TLIAoRwfli0Iv09Bl1QlqG0C3gge3Co%2BapkO6uGcmd%2Buofag%2Bd5kzJCMzJyZy1I8gricW%2FXvo04DYWWV7omXBHg3R9n5%2Fhaw5OUyVhtr8cp8J3HQnVNHP4EA%3D%3D; rl_user_id=RudderEncrypt%3AU2FsdGVkX19psyo89qsemfvU2M56RB6yhZZNuwv%2Fixk%3D; rl_trait=RudderEncrypt%3AU2FsdGVkX1%2F1HaOnaz1FmLw3GFEY5GZnoVVoUsc4dwE%3D; rl_group_id=RudderEncrypt%3AU2FsdGVkX1%2B9wZZ%2BPdSqFz5d2M%2F5QP7Y0Ru2VwgYyBI%3D; rl_group_trait=RudderEncrypt%3AU2FsdGVkX19SKEw5%2B3EyPkj86dEedYbCsc%2BFtfYHRTY%3D; rl_anonymous_id=RudderEncrypt%3AU2FsdGVkX19wiMgKfmCHSqYrtFjBcmGOPl9sMs9862N6uzRxV3OCnqR5GtQBT%2FKACh3VkPxnL3AwhXt4PBRR%2Bw%3D%3D; brilho-auth-token=eyJ0eXAiOiJKV1QiLCJhbGciOiJIUzI1NiJ9.eyJpc3MiOiJodHRwOi8vbG9jYWxob3N0OjgwMDAvYXBpL2F1dGgvbG9naW4iLCJpYXQiOjE3NDAwODkyMjgsImV4cCI6MTc0MDA5MjgyOCwibmJmIjoxNzQwMDg5MjI4LCJqdGkiOiJrb2ZjMzJKSG9kVzdETmh4Iiwic3ViIjoiMSIsInBydiI6IjRhYzA1YzBmOGFjMDhmMzY0Y2I0ZDAzZmI4ZTFmNjMxZmVjMzIyZTgifQ.KrGgt6NhkWsZLfAGYhZk11NRWNE2odHvrl1loi3JQuI"},"payload":[],"session":[],"response_status":401,"response":{"message":"Unauthenticated."},"duration":24,"memory":2,"hostname":"pc-do-victor"}, 2025-02-20 20:38:42, ?, request, 9e42bcc7-6861-4a97-ac1b-e18b10eb1463)) {"exception":"[object] (Illuminate\\Database\\QueryException(code: 1045): SQLSTATE[HY000] [1045] Access denied for user 'root'@'localhost' (using password: NO) (SQL: insert into `telescope_entries` (`batch_id`, `content`, `created_at`, `family_hash`, `type`, `uuid`) values (9e42bcc7-68e5-4f73-9f70-3bc4bf1448f0, {\"ip_address\":\"127.0.0.1\",\"uri\":\"\\/api\\/ping\",\"method\":\"GET\",\"controller_action\":\"Closure\",\"middleware\":[\"auth:api\",\"substitutes\",\"auth.gate\"],\"headers\":{\"host\":\"localhost:8000\",\"connection\":\"keep-alive\",\"sec-ch-ua-platform\":\"\\\"Linux\\\"\",\"sec-ch-ua\":\"\\\"Not(A:Brand\\\";v=\\\"99\\\", \\\"Google Chrome\\\";v=\\\"133\\\", \\\"Chromium\\\";v=\\\"133\\\"\",\"sec-ch-ua-mobile\":\"?0\",\"access-control-allow-origin\":\"*\",\"x-requested-with\":\"XMLHttpRequest\",\"user-agent\":\"Mozilla\\/5.0 (X11; Linux x86_64) AppleWebKit\\/537.36 (KHTML, like Gecko) Chrome\\/133.0.0.0 Safari\\/537.36\",\"accept\":\"application\\/json\",\"dnt\":\"1\",\"origin\":\"http:\\/\\/localhost:3000\",\"sec-fetch-site\":\"same-site\",\"sec-fetch-mode\":\"cors\",\"sec-fetch-dest\":\"empty\",\"referer\":\"http:\\/\\/localhost:3000\\/\",\"accept-encoding\":\"gzip, deflate, br, zstd\",\"accept-language\":\"pt-BR,pt;q=0.9,en;q=0.8\",\"cookie\":\"rl_page_init_referrer=RudderEncrypt%3AU2FsdGVkX1%2FHNkaDC%2FuAUfz4bPYmcw00eCyh%2BOLVVHQ%3D; rl_page_init_referring_domain=RudderEncrypt%3AU2FsdGVkX1%2FBenrXuaD%2BOuQnLn7zzxxcj6HF6S0fYxA%3D; language=EN; utm_data={%22utm_source%22%3A%22https%3A%2F%2Flocalhost%3A8443%2F%22}; rl_session=RudderEncrypt%3AU2FsdGVkX19%2Fm9dzuO7ApEjOjQZvr2TLIAoRwfli0Iv09Bl1QlqG0C3gge3Co%2BapkO6uGcmd%2Buofag%2Bd5kzJCMzJyZy1I8gricW%2FXvo04DYWWV7omXBHg3R9n5%2Fhaw5OUyVhtr8cp8J3HQnVNHP4EA%3D%3D; rl_user_id=RudderEncrypt%3AU2FsdGVkX19psyo89qsemfvU2M56RB6yhZZNuwv%2Fixk%3D; rl_trait=RudderEncrypt%3AU2FsdGVkX1%2F1HaOnaz1FmLw3GFEY5GZnoVVoUsc4dwE%3D; rl_group_id=RudderEncrypt%3AU2FsdGVkX1%2B9wZZ%2BPdSqFz5d2M%2F5QP7Y0Ru2VwgYyBI%3D; rl_group_trait=RudderEncrypt%3AU2FsdGVkX19SKEw5%2B3EyPkj86dEedYbCsc%2BFtfYHRTY%3D; rl_anonymous_id=RudderEncrypt%3AU2FsdGVkX19wiMgKfmCHSqYrtFjBcmGOPl9sMs9862N6uzRxV3OCnqR5GtQBT%2FKACh3VkPxnL3AwhXt4PBRR%2Bw%3D%3D; brilho-auth-token=eyJ0eXAiOiJKV1QiLCJhbGciOiJIUzI1NiJ9.eyJpc3MiOiJodHRwOi8vbG9jYWxob3N0OjgwMDAvYXBpL2F1dGgvbG9naW4iLCJpYXQiOjE3NDAwODkyMjgsImV4cCI6MTc0MDA5MjgyOCwibmJmIjoxNzQwMDg5MjI4LCJqdGkiOiJrb2ZjMzJKSG9kVzdETmh4Iiwic3ViIjoiMSIsInBydiI6IjRhYzA1YzBmOGFjMDhmMzY0Y2I0ZDAzZmI4ZTFmNjMxZmVjMzIyZTgifQ.KrGgt6NhkWsZLfAGYhZk11NRWNE2odHvrl1loi3JQuI\"},\"payload\":[],\"session\":[],\"response_status\":401,\"response\":{\"message\":\"Unauthenticated.\"},\"duration\":24,\"memory\":2,\"hostname\":\"pc-do-victor\"}, 2025-02-20 20:38:42, ?, request, 9e42bcc7-6861-4a97-ac1b-e18b10eb1463)) at /home/victor/trabalho/nipee/backend/vendor/laravel/framework/src/Illuminate/Database/Connection.php:760)
[stacktrace]
#0 /home/victor/trabalho/nipee/backend/vendor/laravel/framework/src/Illuminate/Database/Connection.php(720): Illuminate\\Database\\Connection->runQueryCallback()
#1 /home/victor/trabalho/nipee/backend/vendor/laravel/framework/src/Illuminate/Database/Connection.php(534): Illuminate\\Database\\Connection->run()
#2 /home/victor/trabalho/nipee/backend/vendor/laravel/framework/src/Illuminate/Database/Connection.php(498): Illuminate\\Database\\Connection->statement()
#3 /home/victor/trabalho/nipee/backend/vendor/laravel/framework/src/Illuminate/Database/Query/Builder.php(3272): Illuminate\\Database\\Connection->insert()
#4 /home/victor/trabalho/nipee/backend/vendor/laravel/telescope/src/Storage/DatabaseEntriesRepository.php(145): Illuminate\\Database\\Query\\Builder->insert()
#5 /home/victor/trabalho/nipee/backend/vendor/laravel/framework/src/Illuminate/Collections/Traits/EnumeratesValues.php(235): Laravel\\Telescope\\Storage\\DatabaseEntriesRepository->Laravel\\Telescope\\Storage\\{closure}()
#6 /home/victor/trabalho/nipee/backend/vendor/laravel/telescope/src/Storage/DatabaseEntriesRepository.php(144): Illuminate\\Support\\Collection->each()
#7 /home/victor/trabalho/nipee/backend/vendor/laravel/telescope/src/Telescope.php(668): Laravel\\Telescope\\Storage\\DatabaseEntriesRepository->store()
#8 [internal function]: Laravel\\Telescope\\Telescope::Laravel\\Telescope\\{closure}()
#9 /home/victor/trabalho/nipee/backend/vendor/laravel/telescope/src/Telescope.php(293): call_user_func()
#10 /home/victor/trabalho/nipee/backend/vendor/laravel/telescope/src/Telescope.php(660): Laravel\\Telescope\\Telescope::withoutRecording()
#11 /home/victor/trabalho/nipee/backend/vendor/laravel/telescope/src/ListensForStorageOpportunities.php(65): Laravel\\Telescope\\Telescope::store()
#12 /home/victor/trabalho/nipee/backend/vendor/laravel/framework/src/Illuminate/Container/BoundMethod.php(36): Laravel\\Telescope\\Telescope::Laravel\\Telescope\\{closure}()
#13 /home/victor/trabalho/nipee/backend/vendor/laravel/framework/src/Illuminate/Container/Util.php(41): Illuminate\\Container\\BoundMethod::Illuminate\\Container\\{closure}()
#14 /home/victor/trabalho/nipee/backend/vendor/laravel/framework/src/Illuminate/Container/BoundMethod.php(81): Illuminate\\Container\\Util::unwrapIfClosure()
#15 /home/victor/trabalho/nipee/backend/vendor/laravel/framework/src/Illuminate/Container/BoundMethod.php(35): Illuminate\\Container\\BoundMethod::callBoundMethod()
#16 /home/victor/trabalho/nipee/backend/vendor/laravel/framework/src/Illuminate/Container/Container.php(661): Illuminate\\Container\\BoundMethod::call()
#17 /home/victor/trabalho/nipee/backend/vendor/laravel/framework/src/Illuminate/Foundation/Application.php(1198): Illuminate\\Container\\Container->call()
#18 /home/victor/trabalho/nipee/backend/vendor/laravel/framework/src/Illuminate/Foundation/Http/Kernel.php(205): Illuminate\\Foundation\\Application->terminate()
#19 /home/victor/trabalho/nipee/backend/public/index.php(55): Illuminate\\Foundation\\Http\\Kernel->terminate()
#20 /home/victor/trabalho/nipee/backend/server.php(21): require_once('...')
#21 {main}

[previous exception] [object] (PDOException(code: 1045): SQLSTATE[HY000] [1045] Access denied for user 'root'@'localhost' (using password: NO) at /home/victor/trabalho/nipee/backend/vendor/laravel/framework/src/Illuminate/Database/Connectors/Connector.php:70)
[stacktrace]
#0 /home/victor/trabalho/nipee/backend/vendor/laravel/framework/src/Illuminate/Database/Connectors/Connector.php(70): PDO->__construct()
#1 /home/victor/trabalho/nipee/backend/vendor/laravel/framework/src/Illuminate/Database/Connectors/Connector.php(45): Illuminate\\Database\\Connectors\\Connector->createPdoConnection()
#2 /home/victor/trabalho/nipee/backend/vendor/laravel/framework/src/Illuminate/Database/Connectors/MySqlConnector.php(24): Illuminate\\Database\\Connectors\\Connector->createConnection()
#3 /home/victor/trabalho/nipee/backend/vendor/laravel/framework/src/Illuminate/Database/Connectors/ConnectionFactory.php(184): Illuminate\\Database\\Connectors\\MySqlConnector->connect()
#4 [internal function]: Illuminate\\Database\\Connectors\\ConnectionFactory->Illuminate\\Database\\Connectors\\{closure}()
#5 /home/victor/trabalho/nipee/backend/vendor/laravel/framework/src/Illuminate/Database/Connection.php(1181): call_user_func()
#6 /home/victor/trabalho/nipee/backend/vendor/laravel/framework/src/Illuminate/Database/Connection.php(539): Illuminate\\Database\\Connection->getPdo()
#7 /home/victor/trabalho/nipee/backend/vendor/laravel/framework/src/Illuminate/Database/Connection.php(753): Illuminate\\Database\\Connection->Illuminate\\Database\\{closure}()
#8 /home/victor/trabalho/nipee/backend/vendor/laravel/framework/src/Illuminate/Database/Connection.php(720): Illuminate\\Database\\Connection->runQueryCallback()
#9 /home/victor/trabalho/nipee/backend/vendor/laravel/framework/src/Illuminate/Database/Connection.php(534): Illuminate\\Database\\Connection->run()
#10 /home/victor/trabalho/nipee/backend/vendor/laravel/framework/src/Illuminate/Database/Connection.php(498): Illuminate\\Database\\Connection->statement()
#11 /home/victor/trabalho/nipee/backend/vendor/laravel/framework/src/Illuminate/Database/Query/Builder.php(3272): Illuminate\\Database\\Connection->insert()
#12 /home/victor/trabalho/nipee/backend/vendor/laravel/telescope/src/Storage/DatabaseEntriesRepository.php(145): Illuminate\\Database\\Query\\Builder->insert()
#13 /home/victor/trabalho/nipee/backend/vendor/laravel/framework/src/Illuminate/Collections/Traits/EnumeratesValues.php(235): Laravel\\Telescope\\Storage\\DatabaseEntriesRepository->Laravel\\Telescope\\Storage\\{closure}()
#14 /home/victor/trabalho/nipee/backend/vendor/laravel/telescope/src/Storage/DatabaseEntriesRepository.php(144): Illuminate\\Support\\Collection->each()
#15 /home/victor/trabalho/nipee/backend/vendor/laravel/telescope/src/Telescope.php(668): Laravel\\Telescope\\Storage\\DatabaseEntriesRepository->store()
#16 [internal function]: Laravel\\Telescope\\Telescope::Laravel\\Telescope\\{closure}()
#17 /home/victor/trabalho/nipee/backend/vendor/laravel/telescope/src/Telescope.php(293): call_user_func()
#18 /home/victor/trabalho/nipee/backend/vendor/laravel/telescope/src/Telescope.php(660): Laravel\\Telescope\\Telescope::withoutRecording()
#19 /home/victor/trabalho/nipee/backend/vendor/laravel/telescope/src/ListensForStorageOpportunities.php(65): Laravel\\Telescope\\Telescope::store()
#20 /home/victor/trabalho/nipee/backend/vendor/laravel/framework/src/Illuminate/Container/BoundMethod.php(36): Laravel\\Telescope\\Telescope::Laravel\\Telescope\\{closure}()
#21 /home/victor/trabalho/nipee/backend/vendor/laravel/framework/src/Illuminate/Container/Util.php(41): Illuminate\\Container\\BoundMethod::Illuminate\\Container\\{closure}()
#22 /home/victor/trabalho/nipee/backend/vendor/laravel/framework/src/Illuminate/Container/BoundMethod.php(81): Illuminate\\Container\\Util::unwrapIfClosure()
#23 /home/victor/trabalho/nipee/backend/vendor/laravel/framework/src/Illuminate/Container/BoundMethod.php(35): Illuminate\\Container\\BoundMethod::callBoundMethod()
#24 /home/victor/trabalho/nipee/backend/vendor/laravel/framework/src/Illuminate/Container/Container.php(661): Illuminate\\Container\\BoundMethod::call()
#25 /home/victor/trabalho/nipee/backend/vendor/laravel/framework/src/Illuminate/Foundation/Application.php(1198): Illuminate\\Container\\Container->call()
#26 /home/victor/trabalho/nipee/backend/vendor/laravel/framework/src/Illuminate/Foundation/Http/Kernel.php(205): Illuminate\\Foundation\\Application->terminate()
#27 /home/victor/trabalho/nipee/backend/public/index.php(55): Illuminate\\Foundation\\Http\\Kernel->terminate()
#28 /home/victor/trabalho/nipee/backend/server.php(21): require_once('...')
#29 {main}
"} 
